-------------------------------------------------------------------------------
Test set: com.prodyna.conference.service.SpeakerTest
-------------------------------------------------------------------------------
Tests run: 1, Failures: 0, Errors: 1, Skipped: 0, Time elapsed: 4.323 sec <<< FAILURE!
com.prodyna.conference.service.SpeakerTest  Time elapsed: 4.322 sec  <<< ERROR!
org.jboss.arquillian.container.spi.client.container.DeploymentException: Cannot deploy: test.ear
	at org.jboss.as.arquillian.container.ArchiveDeployer.deployInternal(ArchiveDeployer.java:83)
	at org.jboss.as.arquillian.container.ArchiveDeployer.deployInternal(ArchiveDeployer.java:64)
	at org.jboss.as.arquillian.container.ArchiveDeployer.deploy(ArchiveDeployer.java:46)
	at org.jboss.as.arquillian.container.CommonDeployableContainer.deploy(CommonDeployableContainer.java:145)
	at org.jboss.arquillian.container.impl.client.container.ContainerDeployController$3.call(ContainerDeployController.java:161)
	at org.jboss.arquillian.container.impl.client.container.ContainerDeployController$3.call(ContainerDeployController.java:128)
	at org.jboss.arquillian.container.impl.client.container.ContainerDeployController.executeOperation(ContainerDeployController.java:271)
	at org.jboss.arquillian.container.impl.client.container.ContainerDeployController.deploy(ContainerDeployController.java:127)
	at sun.reflect.NativeMethodAccessorImpl.invoke0(Native Method)
	at sun.reflect.NativeMethodAccessorImpl.invoke(NativeMethodAccessorImpl.java:57)
	at sun.reflect.DelegatingMethodAccessorImpl.invoke(DelegatingMethodAccessorImpl.java:43)
	at java.lang.reflect.Method.invoke(Method.java:606)
	at org.jboss.arquillian.core.impl.ObserverImpl.invoke(ObserverImpl.java:94)
	at org.jboss.arquillian.core.impl.EventContextImpl.invokeObservers(EventContextImpl.java:99)
	at org.jboss.arquillian.core.impl.EventContextImpl.proceed(EventContextImpl.java:81)
	at org.jboss.arquillian.container.impl.client.ContainerDeploymentContextHandler.createDeploymentContext(ContainerDeploymentContextHandler.java:78)
	at sun.reflect.NativeMethodAccessorImpl.invoke0(Native Method)
	at sun.reflect.NativeMethodAccessorImpl.invoke(NativeMethodAccessorImpl.java:57)
	at sun.reflect.DelegatingMethodAccessorImpl.invoke(DelegatingMethodAccessorImpl.java:43)
	at java.lang.reflect.Method.invoke(Method.java:606)
	at org.jboss.arquillian.core.impl.ObserverImpl.invoke(ObserverImpl.java:94)
	at org.jboss.arquillian.core.impl.EventContextImpl.proceed(EventContextImpl.java:88)
	at org.jboss.arquillian.container.impl.client.ContainerDeploymentContextHandler.createContainerContext(ContainerDeploymentContextHandler.java:57)
	at sun.reflect.NativeMethodAccessorImpl.invoke0(Native Method)
	at sun.reflect.NativeMethodAccessorImpl.invoke(NativeMethodAccessorImpl.java:57)
	at sun.reflect.DelegatingMethodAccessorImpl.invoke(DelegatingMethodAccessorImpl.java:43)
	at java.lang.reflect.Method.invoke(Method.java:606)
	at org.jboss.arquillian.core.impl.ObserverImpl.invoke(ObserverImpl.java:94)
	at org.jboss.arquillian.core.impl.EventContextImpl.proceed(EventContextImpl.java:88)
	at org.jboss.arquillian.container.impl.client.container.DeploymentExceptionHandler.verifyExpectedExceptionDuringDeploy(DeploymentExceptionHandler.java:50)
	at sun.reflect.NativeMethodAccessorImpl.invoke0(Native Method)
	at sun.reflect.NativeMethodAccessorImpl.invoke(NativeMethodAccessorImpl.java:57)
	at sun.reflect.DelegatingMethodAccessorImpl.invoke(DelegatingMethodAccessorImpl.java:43)
	at java.lang.reflect.Method.invoke(Method.java:606)
	at org.jboss.arquillian.core.impl.ObserverImpl.invoke(ObserverImpl.java:94)
	at org.jboss.arquillian.core.impl.EventContextImpl.proceed(EventContextImpl.java:88)
	at org.jboss.arquillian.core.impl.ManagerImpl.fire(ManagerImpl.java:135)
	at org.jboss.arquillian.core.impl.ManagerImpl.fire(ManagerImpl.java:115)
	at org.jboss.arquillian.core.impl.EventImpl.fire(EventImpl.java:67)
	at org.jboss.arquillian.container.impl.client.container.ContainerDeployController$1.perform(ContainerDeployController.java:95)
	at org.jboss.arquillian.container.impl.client.container.ContainerDeployController$1.perform(ContainerDeployController.java:80)
	at org.jboss.arquillian.container.impl.client.container.ContainerDeployController.forEachDeployment(ContainerDeployController.java:263)
	at org.jboss.arquillian.container.impl.client.container.ContainerDeployController.forEachManagedDeployment(ContainerDeployController.java:239)
	at org.jboss.arquillian.container.impl.client.container.ContainerDeployController.deployManaged(ContainerDeployController.java:79)
	at sun.reflect.NativeMethodAccessorImpl.invoke0(Native Method)
	at sun.reflect.NativeMethodAccessorImpl.invoke(NativeMethodAccessorImpl.java:57)
	at sun.reflect.DelegatingMethodAccessorImpl.invoke(DelegatingMethodAccessorImpl.java:43)
	at java.lang.reflect.Method.invoke(Method.java:606)
	at org.jboss.arquillian.core.impl.ObserverImpl.invoke(ObserverImpl.java:94)
	at org.jboss.arquillian.core.impl.EventContextImpl.invokeObservers(EventContextImpl.java:99)
	at org.jboss.arquillian.core.impl.EventContextImpl.proceed(EventContextImpl.java:81)
	at org.jboss.arquillian.core.impl.ManagerImpl.fire(ManagerImpl.java:135)
	at org.jboss.arquillian.core.impl.ManagerImpl.fire(ManagerImpl.java:115)
	at org.jboss.arquillian.core.impl.EventImpl.fire(EventImpl.java:67)
	at org.jboss.arquillian.container.test.impl.client.ContainerEventController.execute(ContainerEventController.java:101)
	at sun.reflect.NativeMethodAccessorImpl.invoke0(Native Method)
	at sun.reflect.NativeMethodAccessorImpl.invoke(NativeMethodAccessorImpl.java:57)
	at sun.reflect.DelegatingMethodAccessorImpl.invoke(DelegatingMethodAccessorImpl.java:43)
	at java.lang.reflect.Method.invoke(Method.java:606)
	at org.jboss.arquillian.core.impl.ObserverImpl.invoke(ObserverImpl.java:94)
	at org.jboss.arquillian.core.impl.EventContextImpl.invokeObservers(EventContextImpl.java:99)
	at org.jboss.arquillian.core.impl.EventContextImpl.proceed(EventContextImpl.java:81)
	at org.jboss.arquillian.test.impl.TestContextHandler.createClassContext(TestContextHandler.java:75)
	at sun.reflect.NativeMethodAccessorImpl.invoke0(Native Method)
	at sun.reflect.NativeMethodAccessorImpl.invoke(NativeMethodAccessorImpl.java:57)
	at sun.reflect.DelegatingMethodAccessorImpl.invoke(DelegatingMethodAccessorImpl.java:43)
	at java.lang.reflect.Method.invoke(Method.java:606)
	at org.jboss.arquillian.core.impl.ObserverImpl.invoke(ObserverImpl.java:94)
	at org.jboss.arquillian.core.impl.EventContextImpl.proceed(EventContextImpl.java:88)
	at org.jboss.arquillian.test.impl.TestContextHandler.createSuiteContext(TestContextHandler.java:60)
	at sun.reflect.NativeMethodAccessorImpl.invoke0(Native Method)
	at sun.reflect.NativeMethodAccessorImpl.invoke(NativeMethodAccessorImpl.java:57)
	at sun.reflect.DelegatingMethodAccessorImpl.invoke(DelegatingMethodAccessorImpl.java:43)
	at java.lang.reflect.Method.invoke(Method.java:606)
	at org.jboss.arquillian.core.impl.ObserverImpl.invoke(ObserverImpl.java:94)
	at org.jboss.arquillian.core.impl.EventContextImpl.proceed(EventContextImpl.java:88)
	at org.jboss.arquillian.core.impl.ManagerImpl.fire(ManagerImpl.java:135)
	at org.jboss.arquillian.core.impl.ManagerImpl.fire(ManagerImpl.java:115)
	at org.jboss.arquillian.test.impl.EventTestRunnerAdaptor.beforeClass(EventTestRunnerAdaptor.java:80)
	at org.jboss.arquillian.junit.Arquillian$2.evaluate(Arquillian.java:182)
	at org.jboss.arquillian.junit.Arquillian.multiExecute(Arquillian.java:314)
	at org.jboss.arquillian.junit.Arquillian.access$100(Arquillian.java:46)
	at org.jboss.arquillian.junit.Arquillian$3.evaluate(Arquillian.java:199)
	at org.junit.runners.ParentRunner.run(ParentRunner.java:300)
	at org.jboss.arquillian.junit.Arquillian.run(Arquillian.java:147)
	at org.apache.maven.surefire.junit4.JUnit4Provider.execute(JUnit4Provider.java:252)
	at org.apache.maven.surefire.junit4.JUnit4Provider.executeTestSet(JUnit4Provider.java:141)
	at org.apache.maven.surefire.junit4.JUnit4Provider.invoke(JUnit4Provider.java:112)
	at sun.reflect.NativeMethodAccessorImpl.invoke0(Native Method)
	at sun.reflect.NativeMethodAccessorImpl.invoke(NativeMethodAccessorImpl.java:57)
	at sun.reflect.DelegatingMethodAccessorImpl.invoke(DelegatingMethodAccessorImpl.java:43)
	at java.lang.reflect.Method.invoke(Method.java:606)
	at org.apache.maven.surefire.util.ReflectionUtils.invokeMethodWithArray(ReflectionUtils.java:189)
	at org.apache.maven.surefire.booter.ProviderFactory$ProviderProxy.invoke(ProviderFactory.java:165)
	at org.apache.maven.surefire.booter.ProviderFactory.invokeProvider(ProviderFactory.java:85)
	at org.apache.maven.surefire.booter.ForkedBooter.runSuitesInProcess(ForkedBooter.java:115)
	at org.apache.maven.surefire.booter.ForkedBooter.main(ForkedBooter.java:75)
Caused by: java.lang.Exception: {
    "JBAS014671: Fehlgeschlagene Dienste" => {"jboss.deployment.unit.\"test.ear\".WeldService" => "org.jboss.msc.service.StartException in service jboss.deployment.unit.\"test.ear\".WeldService: org.jboss.weld.exceptions.DeploymentException: WELD-001409 Ambiguous dependencies for type [PerformanceMXBean] with qualifiers [@Default] at injection point [[field] @Inject private com.prodyna.conference.core.event.PerformanceObserver.performanceMgmtBean]. Possible dependencies [[Managed Bean [class com.prodyna.core.monitoring.Performance] with qualifiers [@Any @Default], Producer Method [PerformanceMXBean] with qualifiers [@Any @Default] declared as [[method] @Produces public com.prodyna.conference.core.util.MBeanProducer.producePerformanceMgmtBean()]]]
    Caused by: org.jboss.weld.exceptions.DeploymentException: WELD-001409 Ambiguous dependencies for type [PerformanceMXBean] with qualifiers [@Default] at injection point [[field] @Inject private com.prodyna.conference.core.event.PerformanceObserver.performanceMgmtBean]. Possible dependencies [[Managed Bean [class com.prodyna.core.monitoring.Performance] with qualifiers [@Any @Default], Producer Method [PerformanceMXBean] with qualifiers [@Any @Default] declared as [[method] @Produces public com.prodyna.conference.core.util.MBeanProducer.producePerformanceMgmtBean()]]]"},
    "JBAS014771: Dienste mit fehlenden/unverfügbaren Abhängigkeiten " => [
        "jboss.deployment.subunit.\"test.ear\".\"test.war\".component.\"javax.faces.webapp.FacetTag\".WeldInstantiator [JBAS014861: <one or more transitive dependencies>] fehlt",
        "jboss.deployment.subunit.\"test.ear\".\"test.war\".beanmanager [JBAS014861: <one or more transitive dependencies>] fehlt",
        "jboss.deployment.subunit.\"test.ear\".\"test.war\".jboss.security.jacc [JBAS014861: <one or more transitive dependencies>] fehlt",
        "jboss.deployment.subunit.\"test.ear\".\"test.war\".component.\"javax.faces.webapp.FacetTag\".START [JBAS014861: <one or more transitive dependencies>] fehlt",
        "jboss.deployment.subunit.\"test.ear\".\"test.war\".component.\"javax.servlet.jsp.jstl.tlv.ScriptFreeTLV\".WeldInstantiator [JBAS014861: <one or more transitive dependencies>] fehlt",
        "jboss.deployment.subunit.\"test.ear\".\"test.war\".component.\"org.jboss.as.weld.webtier.jsp.JspInitializationListener\".START [JBAS014861: <one or more transitive dependencies>] fehlt",
        "jboss.deployment.subunit.\"test.ear\".\"test.war\".component.\"javax.servlet.jsp.jstl.tlv.PermittedTaglibsTLV\".START [JBAS014861: <one or more transitive dependencies>] fehlt",
        "jboss.deployment.subunit.\"test.ear\".\"test.war\".component.\"javax.servlet.jsp.jstl.tlv.ScriptFreeTLV\".START [JBAS014861: <one or more transitive dependencies>] fehlt",
        "jboss.deployment.subunit.\"test.ear\".\"test.war\".component.\"com.sun.faces.config.ConfigureListener\".START [JBAS014861: <one or more transitive dependencies>] fehlt",
        "jboss.deployment.subunit.\"test.ear\".\"test.war\".component.\"org.apache.jasper.servlet.JspServlet\".START [JBAS014861: <one or more transitive dependencies>] fehlt",
        "jboss.deployment.subunit.\"test.ear\".\"test.war\".component.\"org.apache.catalina.servlets.DefaultServlet\".START [JBAS014861: <one or more transitive dependencies>] fehlt",
        "jboss.deployment.subunit.\"test.ear\".\"test.war\".component.\"org.apache.catalina.servlets.DefaultServlet\".WeldInstantiator [JBAS014861: <one or more transitive dependencies>] fehlt",
        "jboss.deployment.subunit.\"test.ear\".\"test.war\".component.\"com.sun.faces.config.ConfigureListener\".WeldInstantiator [JBAS014861: <one or more transitive dependencies>] fehlt",
        "jboss.deployment.subunit.\"test.ear\".\"test.war\".component.\"org.jboss.arquillian.protocol.servlet.runner.ServletTestRunner\".WeldInstantiator [JBAS014861: <one or more transitive dependencies>] fehlt",
        "jboss.deployment.subunit.\"test.ear\".\"test.war\".component.\"org.jboss.arquillian.protocol.servlet.runner.ServletTestRunner\".START [JBAS014861: <one or more transitive dependencies>] fehlt",
        "jboss.deployment.unit.\"test.ear\".beanmanager [JBAS014861: <one or more transitive dependencies>] fehlt",
        "jboss.deployment.subunit.\"test.ear\".\"test.war\".component.\"org.apache.jasper.servlet.JspServlet\".WeldInstantiator [JBAS014861: <one or more transitive dependencies>] fehlt",
        "jboss.web.deployment.default-host./test [JBAS014861: <one or more transitive dependencies>] fehlt",
        "jboss.deployment.subunit.\"test.ear\".\"test.war\".component.\"javax.servlet.jsp.jstl.tlv.PermittedTaglibsTLV\".WeldInstantiator [JBAS014861: <one or more transitive dependencies>] fehlt",
        "jboss.deployment.subunit.\"test.ear\".\"test.war\".component.\"org.jboss.as.weld.webtier.jsp.JspInitializationListener\".WeldInstantiator [JBAS014861: <one or more transitive dependencies>] fehlt"
    ]
}
	at org.jboss.as.controller.client.helpers.standalone.impl.ServerDeploymentPlanResultFuture.getActionResult(ServerDeploymentPlanResultFuture.java:134)
	at org.jboss.as.controller.client.helpers.standalone.impl.ServerDeploymentPlanResultFuture.getResultFromNode(ServerDeploymentPlanResultFuture.java:123)
	at org.jboss.as.controller.client.helpers.standalone.impl.ServerDeploymentPlanResultFuture.get(ServerDeploymentPlanResultFuture.java:85)
	at org.jboss.as.controller.client.helpers.standalone.impl.ServerDeploymentPlanResultFuture.get(ServerDeploymentPlanResultFuture.java:42)
	at org.jboss.as.controller.client.helpers.standalone.ServerDeploymentHelper.deploy(ServerDeploymentHelper.java:52)
	at org.jboss.as.arquillian.container.ArchiveDeployer.deployInternal(ArchiveDeployer.java:77)
	... 96 more

