<?xml version="1.0" encoding="UTF-8" ?>
<testsuite failures="0" time="14.626" errors="1" skipped="0" tests="1" name="com.prodyna.conference.service.ConferenceTest">
  <properties>
[...]
</properties>
  <testcase time="14.626" classname="com.prodyna.conference.service.ConferenceTest" name="com.prodyna.conference.service.ConferenceTest">
    <error message="Cannot deploy: test.war" type="org.jboss.arquillian.container.spi.client.container.DeploymentException">org.jboss.arquillian.container.spi.client.container.DeploymentException: Cannot deploy: test.war
	at org.jboss.as.arquillian.container.ArchiveDeployer.deployInternal(ArchiveDeployer.java:83)
	at org.jboss.as.arquillian.container.ArchiveDeployer.deployInternal(ArchiveDeployer.java:64)
	at org.jboss.as.arquillian.container.ArchiveDeployer.deploy(ArchiveDeployer.java:46)
	at org.jboss.as.arquillian.container.CommonDeployableContainer.deploy(CommonDeployableContainer.java:145)
	at org.jboss.arquillian.container.impl.client.container.ContainerDeployController$3.call(ContainerDeployController.java:161)
	at org.jboss.arquillian.container.impl.client.container.ContainerDeployController$3.call(ContainerDeployController.java:128)
	at org.jboss.arquillian.container.impl.client.container.ContainerDeployController.executeOperation(ContainerDeployController.java:271)
	at org.jboss.arquillian.container.impl.client.container.ContainerDeployController.deploy(ContainerDeployController.java:127)
	at sun.reflect.NativeMethodAccessorImpl.invoke0(Native Method)
	at sun.reflect.NativeMethodAccessorImpl.invoke(NativeMethodAccessorImpl.java:57)
	at sun.reflect.DelegatingMethodAccessorImpl.invoke(DelegatingMethodAccessorImpl.java:43)
	at java.lang.reflect.Method.invoke(Method.java:606)
	at org.jboss.arquillian.core.impl.ObserverImpl.invoke(ObserverImpl.java:94)
	at org.jboss.arquillian.core.impl.EventContextImpl.invokeObservers(EventContextImpl.java:99)
	at org.jboss.arquillian.core.impl.EventContextImpl.proceed(EventContextImpl.java:81)
	at org.jboss.arquillian.container.impl.client.container.DeploymentExceptionHandler.verifyExpectedExceptionDuringDeploy(DeploymentExceptionHandler.java:50)
	at sun.reflect.NativeMethodAccessorImpl.invoke0(Native Method)
	at sun.reflect.NativeMethodAccessorImpl.invoke(NativeMethodAccessorImpl.java:57)
	at sun.reflect.DelegatingMethodAccessorImpl.invoke(DelegatingMethodAccessorImpl.java:43)
	at java.lang.reflect.Method.invoke(Method.java:606)
	at org.jboss.arquillian.core.impl.ObserverImpl.invoke(ObserverImpl.java:94)
	at org.jboss.arquillian.core.impl.EventContextImpl.proceed(EventContextImpl.java:88)
	at org.jboss.arquillian.container.impl.client.ContainerDeploymentContextHandler.createDeploymentContext(ContainerDeploymentContextHandler.java:78)
	at sun.reflect.NativeMethodAccessorImpl.invoke0(Native Method)
	at sun.reflect.NativeMethodAccessorImpl.invoke(NativeMethodAccessorImpl.java:57)
	at sun.reflect.DelegatingMethodAccessorImpl.invoke(DelegatingMethodAccessorImpl.java:43)
	at java.lang.reflect.Method.invoke(Method.java:606)
	at org.jboss.arquillian.core.impl.ObserverImpl.invoke(ObserverImpl.java:94)
	at org.jboss.arquillian.core.impl.EventContextImpl.proceed(EventContextImpl.java:88)
	at org.jboss.arquillian.container.impl.client.ContainerDeploymentContextHandler.createContainerContext(ContainerDeploymentContextHandler.java:57)
	at sun.reflect.NativeMethodAccessorImpl.invoke0(Native Method)
	at sun.reflect.NativeMethodAccessorImpl.invoke(NativeMethodAccessorImpl.java:57)
	at sun.reflect.DelegatingMethodAccessorImpl.invoke(DelegatingMethodAccessorImpl.java:43)
	at java.lang.reflect.Method.invoke(Method.java:606)
	at org.jboss.arquillian.core.impl.ObserverImpl.invoke(ObserverImpl.java:94)
	at org.jboss.arquillian.core.impl.EventContextImpl.proceed(EventContextImpl.java:88)
	at org.jboss.arquillian.core.impl.ManagerImpl.fire(ManagerImpl.java:135)
	at org.jboss.arquillian.core.impl.ManagerImpl.fire(ManagerImpl.java:115)
	at org.jboss.arquillian.core.impl.EventImpl.fire(EventImpl.java:67)
	at org.jboss.arquillian.container.impl.client.container.ContainerDeployController$1.perform(ContainerDeployController.java:95)
	at org.jboss.arquillian.container.impl.client.container.ContainerDeployController$1.perform(ContainerDeployController.java:80)
	at org.jboss.arquillian.container.impl.client.container.ContainerDeployController.forEachDeployment(ContainerDeployController.java:263)
	at org.jboss.arquillian.container.impl.client.container.ContainerDeployController.forEachManagedDeployment(ContainerDeployController.java:239)
	at org.jboss.arquillian.container.impl.client.container.ContainerDeployController.deployManaged(ContainerDeployController.java:79)
	at sun.reflect.NativeMethodAccessorImpl.invoke0(Native Method)
	at sun.reflect.NativeMethodAccessorImpl.invoke(NativeMethodAccessorImpl.java:57)
	at sun.reflect.DelegatingMethodAccessorImpl.invoke(DelegatingMethodAccessorImpl.java:43)
	at java.lang.reflect.Method.invoke(Method.java:606)
	at org.jboss.arquillian.core.impl.ObserverImpl.invoke(ObserverImpl.java:94)
	at org.jboss.arquillian.core.impl.EventContextImpl.invokeObservers(EventContextImpl.java:99)
	at org.jboss.arquillian.core.impl.EventContextImpl.proceed(EventContextImpl.java:81)
	at org.jboss.arquillian.core.impl.ManagerImpl.fire(ManagerImpl.java:135)
	at org.jboss.arquillian.core.impl.ManagerImpl.fire(ManagerImpl.java:115)
	at org.jboss.arquillian.core.impl.EventImpl.fire(EventImpl.java:67)
	at org.jboss.arquillian.container.test.impl.client.ContainerEventController.execute(ContainerEventController.java:101)
	at sun.reflect.NativeMethodAccessorImpl.invoke0(Native Method)
	at sun.reflect.NativeMethodAccessorImpl.invoke(NativeMethodAccessorImpl.java:57)
	at sun.reflect.DelegatingMethodAccessorImpl.invoke(DelegatingMethodAccessorImpl.java:43)
	at java.lang.reflect.Method.invoke(Method.java:606)
	at org.jboss.arquillian.core.impl.ObserverImpl.invoke(ObserverImpl.java:94)
	at org.jboss.arquillian.core.impl.EventContextImpl.invokeObservers(EventContextImpl.java:99)
	at org.jboss.arquillian.core.impl.EventContextImpl.proceed(EventContextImpl.java:81)
	at org.jboss.arquillian.test.impl.TestContextHandler.createClassContext(TestContextHandler.java:75)
	at sun.reflect.NativeMethodAccessorImpl.invoke0(Native Method)
	at sun.reflect.NativeMethodAccessorImpl.invoke(NativeMethodAccessorImpl.java:57)
	at sun.reflect.DelegatingMethodAccessorImpl.invoke(DelegatingMethodAccessorImpl.java:43)
	at java.lang.reflect.Method.invoke(Method.java:606)
	at org.jboss.arquillian.core.impl.ObserverImpl.invoke(ObserverImpl.java:94)
	at org.jboss.arquillian.core.impl.EventContextImpl.proceed(EventContextImpl.java:88)
	at org.jboss.arquillian.test.impl.TestContextHandler.createSuiteContext(TestContextHandler.java:60)
	at sun.reflect.NativeMethodAccessorImpl.invoke0(Native Method)
	at sun.reflect.NativeMethodAccessorImpl.invoke(NativeMethodAccessorImpl.java:57)
	at sun.reflect.DelegatingMethodAccessorImpl.invoke(DelegatingMethodAccessorImpl.java:43)
	at java.lang.reflect.Method.invoke(Method.java:606)
	at org.jboss.arquillian.core.impl.ObserverImpl.invoke(ObserverImpl.java:94)
	at org.jboss.arquillian.core.impl.EventContextImpl.proceed(EventContextImpl.java:88)
	at org.jboss.arquillian.core.impl.ManagerImpl.fire(ManagerImpl.java:135)
	at org.jboss.arquillian.core.impl.ManagerImpl.fire(ManagerImpl.java:115)
	at org.jboss.arquillian.test.impl.EventTestRunnerAdaptor.beforeClass(EventTestRunnerAdaptor.java:80)
	at org.jboss.arquillian.junit.Arquillian$2.evaluate(Arquillian.java:182)
	at org.jboss.arquillian.junit.Arquillian.multiExecute(Arquillian.java:314)
	at org.jboss.arquillian.junit.Arquillian.access$100(Arquillian.java:46)
	at org.jboss.arquillian.junit.Arquillian$3.evaluate(Arquillian.java:199)
	at org.junit.runners.ParentRunner.run(ParentRunner.java:300)
	at org.jboss.arquillian.junit.Arquillian.run(Arquillian.java:147)
	at org.apache.maven.surefire.junit4.JUnit4Provider.execute(JUnit4Provider.java:252)
	at org.apache.maven.surefire.junit4.JUnit4Provider.executeTestSet(JUnit4Provider.java:141)
	at org.apache.maven.surefire.junit4.JUnit4Provider.invoke(JUnit4Provider.java:112)
	at sun.reflect.NativeMethodAccessorImpl.invoke0(Native Method)
	at sun.reflect.NativeMethodAccessorImpl.invoke(NativeMethodAccessorImpl.java:57)
	at sun.reflect.DelegatingMethodAccessorImpl.invoke(DelegatingMethodAccessorImpl.java:43)
	at java.lang.reflect.Method.invoke(Method.java:606)
	at org.apache.maven.surefire.util.ReflectionUtils.invokeMethodWithArray(ReflectionUtils.java:189)
	at org.apache.maven.surefire.booter.ProviderFactory$ProviderProxy.invoke(ProviderFactory.java:165)
	at org.apache.maven.surefire.booter.ProviderFactory.invokeProvider(ProviderFactory.java:85)
	at org.apache.maven.surefire.booter.ForkedBooter.runSuitesInProcess(ForkedBooter.java:115)
	at org.apache.maven.surefire.booter.ForkedBooter.main(ForkedBooter.java:75)
Caused by: java.lang.Exception: {
    &quot;JBAS014671: Fehlgeschlagene Dienste&quot; =&gt; {&quot;jboss.deployment.unit.\&quot;test.war\&quot;.WeldService&quot; =&gt; &quot;org.jboss.msc.service.StartException in service jboss.deployment.unit.\&quot;test.war\&quot;.WeldService: org.jboss.weld.exceptions.DeploymentException: WELD-001409 Ambiguous dependencies for type [PerformanceMXBean] with qualifiers [@Default] at injection point [[field] @Inject private com.prodyna.conference.core.event.PerformanceObserver.performanceMgmtBean]. Possible dependencies [[Managed Bean [class com.prodyna.core.monitoring.Performance] with qualifiers [@Any @Default], Producer Method [PerformanceMXBean] with qualifiers [@Any @Default] declared as [[method] @Produces public com.prodyna.conference.core.util.MBeanProducer.producePerformanceMgmtBean()]]]
    Caused by: org.jboss.weld.exceptions.DeploymentException: WELD-001409 Ambiguous dependencies for type [PerformanceMXBean] with qualifiers [@Default] at injection point [[field] @Inject private com.prodyna.conference.core.event.PerformanceObserver.performanceMgmtBean]. Possible dependencies [[Managed Bean [class com.prodyna.core.monitoring.Performance] with qualifiers [@Any @Default], Producer Method [PerformanceMXBean] with qualifiers [@Any @Default] declared as [[method] @Produces public com.prodyna.conference.core.util.MBeanProducer.producePerformanceMgmtBean()]]]&quot;},
    &quot;JBAS014771: Dienste mit fehlenden/unverfügbaren Abhängigkeiten &quot; =&gt; [
        &quot;jboss.deployment.unit.\&quot;test.war\&quot;.component.ConferenceServiceImpl.START [JBAS014861: &lt;one or more transitive dependencies&gt;] fehlt&quot;,
        &quot;jboss.deployment.unit.\&quot;test.war\&quot;.component.TalkServiceImpl.WeldInstantiator [JBAS014861: &lt;one or more transitive dependencies&gt;] fehlt&quot;,
        &quot;jboss.deployment.unit.\&quot;test.war\&quot;.jboss.security.jacc [JBAS014861: &lt;one or more transitive dependencies&gt;] fehlt&quot;,
        &quot;jboss.deployment.unit.\&quot;test.war\&quot;.component.\&quot;org.jboss.arquillian.protocol.servlet.runner.ServletTestRunner\&quot;.START [JBAS014861: &lt;one or more transitive dependencies&gt;] fehlt&quot;,
        &quot;jboss.deployment.unit.\&quot;test.war\&quot;.component.RoomServiceImpl.WeldInstantiator [JBAS014861: &lt;one or more transitive dependencies&gt;] fehlt&quot;,
        &quot;jboss.deployment.unit.\&quot;test.war\&quot;.component.RoomServiceImpl.START [JBAS014861: &lt;one or more transitive dependencies&gt;] fehlt&quot;,
        &quot;jboss.deployment.unit.\&quot;test.war\&quot;.component.SpeakerServiceImpl.WeldInstantiator [JBAS014861: &lt;one or more transitive dependencies&gt;] fehlt&quot;,
        &quot;jboss.deployment.unit.\&quot;test.war\&quot;.component.MonitoringStartupBean.WeldInstantiator [JBAS014861: &lt;one or more transitive dependencies&gt;] fehlt&quot;,
        &quot;jboss.deployment.unit.\&quot;test.war\&quot;.component.ConferenceServiceImpl.WeldInstantiator [JBAS014861: &lt;one or more transitive dependencies&gt;] fehlt&quot;,
        &quot;jboss.deployment.unit.\&quot;test.war\&quot;.component.MonitoringStartupBean.START [JBAS014861: &lt;one or more transitive dependencies&gt;] fehlt&quot;,
        &quot;jboss.deployment.unit.\&quot;test.war\&quot;.component.\&quot;javax.servlet.jsp.jstl.tlv.PermittedTaglibsTLV\&quot;.WeldInstantiator [JBAS014861: &lt;one or more transitive dependencies&gt;] fehlt&quot;,
        &quot;jboss.deployment.unit.\&quot;test.war\&quot;.component.\&quot;com.sun.faces.config.ConfigureListener\&quot;.START [JBAS014861: &lt;one or more transitive dependencies&gt;] fehlt&quot;,
        &quot;jboss.deployment.unit.\&quot;test.war\&quot;.component.\&quot;com.sun.faces.config.ConfigureListener\&quot;.WeldInstantiator [JBAS014861: &lt;one or more transitive dependencies&gt;] fehlt&quot;,
        &quot;jboss.deployment.unit.\&quot;test.war\&quot;.component.\&quot;org.apache.jasper.servlet.JspServlet\&quot;.WeldInstantiator [JBAS014861: &lt;one or more transitive dependencies&gt;] fehlt&quot;,
        &quot;jboss.deployment.unit.\&quot;test.war\&quot;.component.\&quot;javax.faces.webapp.FacetTag\&quot;.WeldInstantiator [JBAS014861: &lt;one or more transitive dependencies&gt;] fehlt&quot;,
        &quot;jboss.deployment.unit.\&quot;test.war\&quot;.component.\&quot;javax.servlet.jsp.jstl.tlv.ScriptFreeTLV\&quot;.START [JBAS014861: &lt;one or more transitive dependencies&gt;] fehlt&quot;,
        &quot;jboss.deployment.unit.\&quot;test.war\&quot;.component.\&quot;org.jboss.as.weld.webtier.jsp.JspInitializationListener\&quot;.WeldInstantiator [JBAS014861: &lt;one or more transitive dependencies&gt;] fehlt&quot;,
        &quot;jboss.deployment.unit.\&quot;test.war\&quot;.beanmanager [JBAS014861: &lt;one or more transitive dependencies&gt;] fehlt&quot;,
        &quot;jboss.deployment.unit.\&quot;test.war\&quot;.component.\&quot;org.apache.catalina.servlets.DefaultServlet\&quot;.WeldInstantiator [JBAS014861: &lt;one or more transitive dependencies&gt;] fehlt&quot;,
        &quot;jboss.deployment.unit.\&quot;test.war\&quot;.component.\&quot;javax.servlet.jsp.jstl.tlv.PermittedTaglibsTLV\&quot;.START [JBAS014861: &lt;one or more transitive dependencies&gt;] fehlt&quot;,
        &quot;jboss.deployment.unit.\&quot;test.war\&quot;.component.\&quot;org.apache.jasper.servlet.JspServlet\&quot;.START [JBAS014861: &lt;one or more transitive dependencies&gt;] fehlt&quot;,
        &quot;jboss.deployment.unit.\&quot;test.war\&quot;.component.\&quot;javax.faces.webapp.FacetTag\&quot;.START [JBAS014861: &lt;one or more transitive dependencies&gt;] fehlt&quot;,
        &quot;jboss.deployment.unit.\&quot;test.war\&quot;.component.SpeakerServiceImpl.START [JBAS014861: &lt;one or more transitive dependencies&gt;] fehlt&quot;,
        &quot;jboss.web.deployment.default-host./test [JBAS014861: &lt;one or more transitive dependencies&gt;] fehlt&quot;,
        &quot;jboss.deployment.unit.\&quot;test.war\&quot;.component.\&quot;javax.servlet.jsp.jstl.tlv.ScriptFreeTLV\&quot;.WeldInstantiator [JBAS014861: &lt;one or more transitive dependencies&gt;] fehlt&quot;,
        &quot;jboss.deployment.unit.\&quot;test.war\&quot;.component.TalkServiceImpl.START [JBAS014861: &lt;one or more transitive dependencies&gt;] fehlt&quot;,
        &quot;jboss.deployment.unit.\&quot;test.war\&quot;.component.\&quot;org.apache.catalina.servlets.DefaultServlet\&quot;.START [JBAS014861: &lt;one or more transitive dependencies&gt;] fehlt&quot;,
        &quot;jboss.deployment.unit.\&quot;test.war\&quot;.component.\&quot;org.jboss.arquillian.protocol.servlet.runner.ServletTestRunner\&quot;.WeldInstantiator [JBAS014861: &lt;one or more transitive dependencies&gt;] fehlt&quot;,
        &quot;jboss.deployment.unit.\&quot;test.war\&quot;.component.\&quot;org.jboss.as.weld.webtier.jsp.JspInitializationListener\&quot;.START [JBAS014861: &lt;one or more transitive dependencies&gt;] fehlt&quot;
    ]
}
	at org.jboss.as.controller.client.helpers.standalone.impl.ServerDeploymentPlanResultFuture.getActionResult(ServerDeploymentPlanResultFuture.java:134)
	at org.jboss.as.controller.client.helpers.standalone.impl.ServerDeploymentPlanResultFuture.getResultFromNode(ServerDeploymentPlanResultFuture.java:123)
	at org.jboss.as.controller.client.helpers.standalone.impl.ServerDeploymentPlanResultFuture.get(ServerDeploymentPlanResultFuture.java:85)
	at org.jboss.as.controller.client.helpers.standalone.impl.ServerDeploymentPlanResultFuture.get(ServerDeploymentPlanResultFuture.java:42)
	at org.jboss.as.controller.client.helpers.standalone.ServerDeploymentHelper.deploy(ServerDeploymentHelper.java:52)
	at org.jboss.as.arquillian.container.ArchiveDeployer.deployInternal(ArchiveDeployer.java:77)
	... 96 more
</error>
    <system-out>20:05:10,729 INFO  [org.jboss.modules] JBoss Modules version 1.1.3.GA
20:05:11,080 INFO  [org.jboss.msc] JBoss MSC version 1.0.2.GA
20:05:11,144 INFO  [org.jboss.as] JBAS015899: JBoss AS 7.1.3.Final &quot;Arges&quot; startet
20:05:12,267 INFO  [org.xnio] XNIO Version 3.0.6.GA
20:05:12,269 INFO  [org.jboss.as.server] JBAS015888: Erstelle http-Management-Service mittels Socket-Binding (management-http)
20:05:12,276 INFO  [org.xnio.nio] XNIO NIO Implementation Version 3.0.6.GA
20:05:12,285 INFO  [org.jboss.remoting] JBoss Remoting version 3.2.8.SP1
20:05:12,317 INFO  [org.jboss.as.logging] JBAS011502: Entfernung von Bootstrap Protokoll-Handlern
20:05:12,321 INFO  [org.jboss.as.configadmin] (ServerService Thread Pool -- 32) JBAS016200: Aktivierung des ConfigAdmin-Untersystems
20:05:12,327 INFO  [org.jboss.as.clustering.infinispan] (ServerService Thread Pool -- 37) JBAS010280: Aktivierung des Infinispan-Untersystems.
20:05:12,335 INFO  [org.jboss.as.jacorb] (ServerService Thread Pool -- 38) JBAS016300: Aktivierung des JacORB-Untersystems
20:05:12,390 INFO  [org.jboss.as.security] (ServerService Thread Pool -- 54) JBAS013171: Aktivierung des Sicherheits-Untersystems
20:05:12,409 INFO  [org.jboss.as.osgi] (ServerService Thread Pool -- 49) JBAS011906: Aktivierung des OSGi-Untersystems
20:05:12,410 INFO  [org.jboss.as.webservices] (ServerService Thread Pool -- 58) JBAS015537: Aktivierung der WebServices-Erweiterung
20:05:12,411 INFO  [org.jboss.as.naming] (ServerService Thread Pool -- 48) JBAS011800: Aktivierung des Naming-Untersystems
20:05:12,419 INFO  [org.jboss.as.security] (MSC service thread 1-7) JBAS013170: Aktuelle PicketBox Version=4.0.13.Final
20:05:12,470 INFO  [org.jboss.as.connector.logging] (MSC service thread 1-5) JBAS010408: Starten von JCA Untersystem (JBoss IronJacamar 1.0.12.Final)
20:05:12,547 INFO  [org.jboss.as.naming] (MSC service thread 1-4) JBAS011802: Starte Naming-Dienst
20:05:12,552 INFO  [org.jboss.as.mail.extension] (MSC service thread 1-5) JBAS015400: Gebundene Mail-Session [java:jboss/mail/Default]
20:05:12,592 INFO  [org.jboss.jaxr] (MSC service thread 1-4) JBAS014000: Started JAXR subsystem, binding JAXR connection factory into JNDI as: java:jboss/jaxr/ConnectionFactory
20:05:12,649 INFO  [org.jboss.as.connector.subsystems.datasources] (ServerService Thread Pool -- 33) JBAS010404: Deployment von nicht-JDBC-konformem Treiber class com.mysql.jdbc.Driver (Version 5.1)
20:05:12,749 INFO  [org.jboss.as.connector.subsystems.datasources] (ServerService Thread Pool -- 33) JBAS010403: Deployment von JDBC-konformem Treiber class org.h2.Driver (Version 1.3)
20:05:13,391 INFO  [org.jboss.ws.common.management.AbstractServerConfig] (MSC service thread 1-7) JBoss Web Services - Stack CXF Server 4.0.5.GA
20:05:13,487 WARN  [org.jboss.as.messaging] (MSC service thread 1-2) JBAS011600: AIO befindet sich nicht auf dieser Plattform, es wird auf die Verwendung der reinen Java NIO zurückgegriffen. Wenn Sie eine Linux-Plattform besitzen, so installieren Sie LibAIO, das AIO-Journal zu aktivieren.
20:05:13,530 INFO  [org.apache.coyote.http11.Http11Protocol] (MSC service thread 1-3) Starting Coyote HTTP/1.1 on http-127.0.0.1/127.0.0.1:8080
20:05:13,559 INFO  [org.jboss.as.server.deployment.scanner] (MSC service thread 1-4) JBAS015012: Start von FileSystemDeploymentService für Verzeichnis g:\ARBEITSUMGEBUNG\SERVER\jboss-as-7.1.3.Final\standalone\deployments
20:05:13,581 INFO  [org.jboss.as.remoting] (MSC service thread 1-7) JBAS017100: Horche auf 127.0.0.1:4447
20:05:13,592 INFO  [org.jboss.as.remoting] (MSC service thread 1-4) JBAS017100: Horche auf 127.0.0.1:9999
20:05:13,598 INFO  [org.hornetq.core.server.impl.HornetQServerImpl] (MSC service thread 1-2) live server is starting with configuration HornetQ Configuration (clustered=false,backup=false,sharedStore=true,journalDirectory=g:\ARBEITSUMGEBUNG\SERVER\jboss-as-7.1.3.Final\standalone\data\messagingjournal,bindingsDirectory=g:\ARBEITSUMGEBUNG\SERVER\jboss-as-7.1.3.Final\standalone\data\messagingbindings,largeMessagesDirectory=g:\ARBEITSUMGEBUNG\SERVER\jboss-as-7.1.3.Final\standalone\data\messaginglargemessages,pagingDirectory=g:\ARBEITSUMGEBUNG\SERVER\jboss-as-7.1.3.Final\standalone\data\messagingpaging)
20:05:13,600 INFO  [org.hornetq.core.server.impl.HornetQServerImpl] (MSC service thread 1-2) Waiting to obtain live lock
20:05:13,644 INFO  [org.hornetq.core.persistence.impl.journal.JournalStorageManager] (MSC service thread 1-2) Using NIO Journal
20:05:13,723 INFO  [org.jboss.as.connector.subsystems.datasources] (MSC service thread 1-7) JBAS010400: Gebundene Datenquelle [java:jboss/datasources/bookingDS]
20:05:13,723 INFO  [org.jboss.as.connector.subsystems.datasources] (MSC service thread 1-4) JBAS010400: Gebundene Datenquelle [java:jboss/datasources/ExampleDS]
20:05:13,724 INFO  [org.jboss.as.connector.subsystems.datasources] (MSC service thread 1-7) JBAS010400: Gebundene Datenquelle [java:jboss/datasources/conferenceDS]
20:05:13,743 INFO  [org.hornetq.core.server.impl.FileLockNodeManager] (MSC service thread 1-2) Waiting to obtain live lock
20:05:13,744 INFO  [org.hornetq.core.server.impl.FileLockNodeManager] (MSC service thread 1-2) Live Server Obtained live lock
20:05:13,746 WARN  [jacorb.codeset] (MSC service thread 1-1) Warning - unknown codeset (Cp1252) - defaulting to ISO-8859-1
20:05:13,786 INFO  [org.jboss.as.jacorb] (MSC service thread 1-1) JBAS016330: CORBA ORB Service gestartet
20:05:13,888 INFO  [org.jboss.as.jacorb] (MSC service thread 1-4) JBAS016328: CORBA Naming Service gestartet
20:05:13,986 INFO  [org.hornetq.core.remoting.impl.netty.NettyAcceptor] (MSC service thread 1-2) Started Netty Acceptor version 3.2.6.Final-20df069 127.0.0.1:5445 for CORE protocol
20:05:13,995 INFO  [org.hornetq.core.remoting.impl.netty.NettyAcceptor] (MSC service thread 1-2) Started Netty Acceptor version 3.2.6.Final-20df069 127.0.0.1:5455 for CORE protocol
20:05:13,996 INFO  [org.hornetq.core.server.impl.HornetQServerImpl] (MSC service thread 1-2) Server is now live
20:05:13,996 INFO  [org.hornetq.core.server.impl.HornetQServerImpl] (MSC service thread 1-2) HornetQ Server version 2.2.21.SNAPSHOT (HQ_2_2_21_final, 122) [1dcdf01c-274c-11e3-b826-b72663e9f765]) started
20:05:14,015 INFO  [org.jboss.as.messaging] (ServerService Thread Pool -- 60) JBAS011601: Messaging-Objekt an jndi-Namen java:jboss/exported/jms/RemoteConnectionFactory gebunden
20:05:14,015 INFO  [org.jboss.as.messaging] (ServerService Thread Pool -- 60) JBAS011601: Messaging-Objekt an jndi-Namen java:/RemoteConnectionFactory gebunden
20:05:14,016 INFO  [org.jboss.as.messaging] (ServerService Thread Pool -- 62) JBAS011601: Messaging-Objekt an jndi-Namen java:/ConnectionFactory gebunden
20:05:14,018 INFO  [org.hornetq.core.server.impl.HornetQServerImpl] (ServerService Thread Pool -- 63) trying to deploy queue jms.topic.testTopic
20:05:14,040 INFO  [org.jboss.as.messaging] (ServerService Thread Pool -- 63) JBAS011601: Messaging-Objekt an jndi-Namen java:/topic/test gebunden
20:05:14,040 INFO  [org.jboss.as.messaging] (ServerService Thread Pool -- 63) JBAS011601: Messaging-Objekt an jndi-Namen java:jboss/exported/jms/topic/test gebunden
20:05:14,041 INFO  [org.hornetq.core.server.impl.HornetQServerImpl] (ServerService Thread Pool -- 61) trying to deploy queue jms.queue.testQueue
20:05:14,048 INFO  [org.jboss.as.messaging] (ServerService Thread Pool -- 61) JBAS011601: Messaging-Objekt an jndi-Namen java:/queue/test gebunden
20:05:14,049 INFO  [org.jboss.as.messaging] (ServerService Thread Pool -- 61) JBAS011601: Messaging-Objekt an jndi-Namen java:jboss/exported/jms/queue/test gebunden
20:05:14,054 INFO  [org.jboss.as.deployment.connector] (MSC service thread 1-2) JBAS010406: Registrierung von Connection-Factory java:/JmsXA
20:05:14,084 INFO  [org.hornetq.ra.HornetQResourceAdapter] (MSC service thread 1-2) HornetQ resource adaptor started
20:05:14,085 INFO  [org.jboss.as.connector.services.resourceadapters.ResourceAdapterActivatorService$ResourceAdapterActivator] (MSC service thread 1-2) IJ020002: Deployed: file://RaActivatorhornetq-ra
20:05:14,087 INFO  [org.jboss.as.deployment.connector] (MSC service thread 1-2) JBAS010401: Gebundene JCA ConnectionFactory [java:/JmsXA]
20:05:14,112 INFO  [org.jboss.as] (Controller Boot Thread) JBAS015961: Http management interface listening on http://127.0.0.1:9990/management
20:05:14,113 INFO  [org.jboss.as] (Controller Boot Thread) JBAS015951: Admin-Konsole horcht an http://127.0.0.1:9990
20:05:14,113 INFO  [org.jboss.as] (Controller Boot Thread) JBAS015874: JBoss AS 7.1.3.Final &quot;Arges&quot; wurde gestartet in 3797ms - 175 von 261 Diensten gestartet (83 Services sind Passiv oder werden bei Bedarf geladen)
test.war:
/WEB-INF/
/WEB-INF/lib/
/WEB-INF/lib/jboss-jms-api_1.1_spec-1.0.1.Final.jar
/WEB-INF/lib/conference-core-SNAPSHOT.jar
/WEB-INF/beans.xml
/WEB-INF/classes/
/WEB-INF/classes/com/
/WEB-INF/classes/com/prodyna/
/WEB-INF/classes/com/prodyna/conference/
/WEB-INF/classes/com/prodyna/conference/service/
/WEB-INF/classes/com/prodyna/conference/service/RoomServiceImpl.class
/WEB-INF/classes/com/prodyna/conference/service/TalkService.class
/WEB-INF/classes/com/prodyna/conference/service/ConferenceServiceImpl.class
/WEB-INF/classes/com/prodyna/conference/service/ConferenceService.class
/WEB-INF/classes/com/prodyna/conference/service/SpeakerService.class
/WEB-INF/classes/com/prodyna/conference/service/TalkServiceImpl.class
/WEB-INF/classes/com/prodyna/conference/service/ConferenceTest.class
/WEB-INF/classes/com/prodyna/conference/service/RoomTest.class
/WEB-INF/classes/com/prodyna/conference/service/TalkTest.class
/WEB-INF/classes/com/prodyna/conference/service/SpeakerTest.class
/WEB-INF/classes/com/prodyna/conference/service/FindTalkBySpeakerTest.class
/WEB-INF/classes/com/prodyna/conference/service/RoomService.class
/WEB-INF/classes/com/prodyna/conference/service/SpeakerServiceImpl.class
/WEB-INF/classes/com/prodyna/conference/service/model/
/WEB-INF/classes/com/prodyna/conference/service/model/Room.class
/WEB-INF/classes/com/prodyna/conference/service/model/validation/
/WEB-INF/classes/com/prodyna/conference/service/model/validation/ValidTalk.class
/WEB-INF/classes/com/prodyna/conference/service/model/validation/ValidTalk$List.class
/WEB-INF/classes/com/prodyna/conference/service/model/validation/TalkValidator.class
/WEB-INF/classes/com/prodyna/conference/service/model/Speaker.class
/WEB-INF/classes/com/prodyna/conference/service/model/ConferenceDTO.class
/WEB-INF/classes/com/prodyna/conference/service/model/Talk.class
/WEB-INF/classes/com/prodyna/conference/service/model/Conference.class
/WEB-INF/classes/com/prodyna/conference/service/model/SpeakersForTalk.class
/WEB-INF/classes/com/prodyna/conference/service/model/TalkDTO.class
/WEB-INF/classes/META-INF/
/WEB-INF/classes/META-INF/persistence.xml
20:05:19,262 INFO  [org.jboss.as.repository] (management-handler-thread - 2) JBAS014900: Content an Speicherort g:\ARBEITSUMGEBUNG\SERVER\jboss-as-7.1.3.Final\standalone\data\content\f7\9a0eb5874d0288f073b0ef1900b6a966663af1\content hinzugefügt
20:05:19,274 INFO  [org.jboss.as.server.deployment] (MSC service thread 1-4) JBAS015876: Starte Deployment von &quot;test.war&quot;
20:05:19,914 INFO  [org.jboss.as.jpa] (MSC service thread 1-4) JBAS011401: Lese persistence.xml für primary
20:05:20,064 INFO  [org.jboss.weld.deployer] (MSC service thread 1-3) JBAS016002: Bearbeite Weld-Deployment test.war
20:05:20,071 INFO  [org.jboss.as.ejb3.deployment.processors.EjbJndiBindingsDeploymentUnitProcessor] (MSC service thread 1-3) JNDI bindings for session bean named ConferenceServiceImpl in deployment unit deployment &quot;test.war&quot; are as follows:

	java:global/test/ConferenceServiceImpl!com.prodyna.conference.service.ConferenceService
	java:app/test/ConferenceServiceImpl!com.prodyna.conference.service.ConferenceService
	java:module/ConferenceServiceImpl!com.prodyna.conference.service.ConferenceService
	java:global/test/ConferenceServiceImpl
	java:app/test/ConferenceServiceImpl
	java:module/ConferenceServiceImpl

20:05:20,071 INFO  [org.jboss.as.ejb3.deployment.processors.EjbJndiBindingsDeploymentUnitProcessor] (MSC service thread 1-3) JNDI bindings for session bean named MonitoringStartupBean in deployment unit deployment &quot;test.war&quot; are as follows:

	java:global/test/MonitoringStartupBean!com.prodyna.core.monitoring.MonitoringStartupBean
	java:app/test/MonitoringStartupBean!com.prodyna.core.monitoring.MonitoringStartupBean
	java:module/MonitoringStartupBean!com.prodyna.core.monitoring.MonitoringStartupBean
	java:global/test/MonitoringStartupBean
	java:app/test/MonitoringStartupBean
	java:module/MonitoringStartupBean

20:05:20,071 INFO  [org.jboss.as.ejb3.deployment.processors.EjbJndiBindingsDeploymentUnitProcessor] (MSC service thread 1-3) JNDI bindings for session bean named SpeakerServiceImpl in deployment unit deployment &quot;test.war&quot; are as follows:

	java:global/test/SpeakerServiceImpl!com.prodyna.conference.service.SpeakerService
	java:app/test/SpeakerServiceImpl!com.prodyna.conference.service.SpeakerService
	java:module/SpeakerServiceImpl!com.prodyna.conference.service.SpeakerService
	java:global/test/SpeakerServiceImpl
	java:app/test/SpeakerServiceImpl
	java:module/SpeakerServiceImpl

20:05:20,072 INFO  [org.jboss.as.ejb3.deployment.processors.EjbJndiBindingsDeploymentUnitProcessor] (MSC service thread 1-3) JNDI bindings for session bean named RoomServiceImpl in deployment unit deployment &quot;test.war&quot; are as follows:

	java:global/test/RoomServiceImpl!com.prodyna.conference.service.RoomService
	java:app/test/RoomServiceImpl!com.prodyna.conference.service.RoomService
	java:module/RoomServiceImpl!com.prodyna.conference.service.RoomService
	java:global/test/RoomServiceImpl
	java:app/test/RoomServiceImpl
	java:module/RoomServiceImpl

20:05:20,072 INFO  [org.jboss.as.ejb3.deployment.processors.EjbJndiBindingsDeploymentUnitProcessor] (MSC service thread 1-3) JNDI bindings for session bean named TalkServiceImpl in deployment unit deployment &quot;test.war&quot; are as follows:

	java:global/test/TalkServiceImpl!com.prodyna.conference.service.TalkService
	java:app/test/TalkServiceImpl!com.prodyna.conference.service.TalkService
	java:module/TalkServiceImpl!com.prodyna.conference.service.TalkService
	java:global/test/TalkServiceImpl
	java:app/test/TalkServiceImpl
	java:module/TalkServiceImpl

20:05:20,301 INFO  [org.jboss.weld.deployer] (MSC service thread 1-4) JBAS016005: Starte Dienste für CDI-Deployment: test.war
20:05:20,358 INFO  [org.jboss.weld.Version] (MSC service thread 1-4) WELD-000900 1.1.9 (Final)
20:05:20,413 INFO  [org.jboss.as.osgi] (MSC service thread 1-8) JBAS011907: Registrierung von Modul: Module &quot;deployment.test.war:main&quot; from Service Module Loader
20:05:20,413 INFO  [org.jboss.as.jpa] (ServerService Thread Pool -- 27) JBAS011402: Starte Persistence Unit Dienst &apos;test.war#primary&apos;
20:05:20,561 INFO  [org.hibernate.annotations.common.Version] (ServerService Thread Pool -- 27) HCANN000001: Hibernate Commons Annotations {4.0.1.Final}
20:05:20,571 INFO  [org.hibernate.Version] (ServerService Thread Pool -- 27) HHH000412: Hibernate Core {4.1.6.Final}
20:05:20,574 INFO  [org.hibernate.cfg.Environment] (ServerService Thread Pool -- 27) HHH000206: hibernate.properties not found
20:05:20,577 INFO  [org.hibernate.cfg.Environment] (ServerService Thread Pool -- 27) HHH000021: Bytecode provider name : javassist
20:05:20,601 INFO  [org.hibernate.ejb.Ejb3Configuration] (ServerService Thread Pool -- 27) HHH000204: Processing PersistenceUnitInfo [
	name: primary
	...]
20:05:20,837 INFO  [org.hibernate.service.jdbc.connections.internal.ConnectionProviderInitiator] (ServerService Thread Pool -- 27) HHH000130: Instantiating explicit connection provider: org.hibernate.ejb.connection.InjectedDataSourceConnectionProvider
20:05:21,134 INFO  [org.hibernate.dialect.Dialect] (ServerService Thread Pool -- 27) HHH000400: Using dialect: org.hibernate.dialect.MySQLDialect
20:05:21,153 INFO  [org.hibernate.engine.transaction.internal.TransactionFactoryInitiator] (ServerService Thread Pool -- 27) HHH000268: Transaction strategy: org.hibernate.engine.transaction.internal.jta.CMTTransactionFactory
20:05:21,158 INFO  [org.hibernate.hql.internal.ast.ASTQueryTranslatorFactory] (ServerService Thread Pool -- 27) HHH000397: Using ASTQueryTranslatorFactory
20:05:21,192 INFO  [org.hibernate.validator.util.Version] (ServerService Thread Pool -- 27) Hibernate Validator 4.2.0.Final
20:05:21,536 INFO  [org.hibernate.tool.hbm2ddl.SchemaExport] (ServerService Thread Pool -- 27) HHH000227: Running hbm2ddl schema export
20:05:21,541 INFO  [stdout] (ServerService Thread Pool -- 27) Hibernate: 
20:05:21,541 INFO  [stdout] (ServerService Thread Pool -- 27)     alter table conference_talk 
20:05:21,541 INFO  [stdout] (ServerService Thread Pool -- 27)         drop 
20:05:21,541 INFO  [stdout] (ServerService Thread Pool -- 27)         foreign key FKB9C79EF864438C9
20:05:21,544 ERROR [org.hibernate.tool.hbm2ddl.SchemaExport] (ServerService Thread Pool -- 27) HHH000389: Unsuccessful: alter table conference_talk drop foreign key FKB9C79EF864438C9
20:05:21,544 ERROR [org.hibernate.tool.hbm2ddl.SchemaExport] (ServerService Thread Pool -- 27) Table &apos;conference.conference_talk&apos; doesn&apos;t exist
20:05:21,545 INFO  [stdout] (ServerService Thread Pool -- 27) Hibernate: 
20:05:21,545 INFO  [stdout] (ServerService Thread Pool -- 27)     alter table conference_talk 
20:05:21,545 INFO  [stdout] (ServerService Thread Pool -- 27)         drop 
20:05:21,545 INFO  [stdout] (ServerService Thread Pool -- 27)         foreign key FKB9C79EFF40E9C4
20:05:21,546 ERROR [org.hibernate.tool.hbm2ddl.SchemaExport] (ServerService Thread Pool -- 27) HHH000389: Unsuccessful: alter table conference_talk drop foreign key FKB9C79EFF40E9C4
20:05:21,546 ERROR [org.hibernate.tool.hbm2ddl.SchemaExport] (ServerService Thread Pool -- 27) Table &apos;conference.conference_talk&apos; doesn&apos;t exist
20:05:21,552 INFO  [stdout] (ServerService Thread Pool -- 27) Hibernate: 
20:05:21,552 INFO  [stdout] (ServerService Thread Pool -- 27)     alter table speaker_talk 
20:05:21,552 INFO  [stdout] (ServerService Thread Pool -- 27)         drop 
20:05:21,552 INFO  [stdout] (ServerService Thread Pool -- 27)         foreign key FK39AFB4EC864438C9
20:05:21,553 ERROR [org.hibernate.tool.hbm2ddl.SchemaExport] (ServerService Thread Pool -- 27) HHH000389: Unsuccessful: alter table speaker_talk drop foreign key FK39AFB4EC864438C9
20:05:21,553 ERROR [org.hibernate.tool.hbm2ddl.SchemaExport] (ServerService Thread Pool -- 27) Table &apos;conference.speaker_talk&apos; doesn&apos;t exist
20:05:21,554 INFO  [stdout] (ServerService Thread Pool -- 27) Hibernate: 
20:05:21,554 INFO  [stdout] (ServerService Thread Pool -- 27)     alter table speaker_talk 
20:05:21,554 INFO  [stdout] (ServerService Thread Pool -- 27)         drop 
20:05:21,554 INFO  [stdout] (ServerService Thread Pool -- 27)         foreign key FK39AFB4EC94C61C10
20:05:21,555 ERROR [org.hibernate.tool.hbm2ddl.SchemaExport] (ServerService Thread Pool -- 27) HHH000389: Unsuccessful: alter table speaker_talk drop foreign key FK39AFB4EC94C61C10
20:05:21,555 ERROR [org.hibernate.tool.hbm2ddl.SchemaExport] (ServerService Thread Pool -- 27) Table &apos;conference.speaker_talk&apos; doesn&apos;t exist
20:05:21,555 INFO  [stdout] (ServerService Thread Pool -- 27) Hibernate: 
20:05:21,555 INFO  [stdout] (ServerService Thread Pool -- 27)     alter table speakersfortalk_speaker 
20:05:21,555 INFO  [stdout] (ServerService Thread Pool -- 27)         drop 
20:05:21,556 INFO  [stdout] (ServerService Thread Pool -- 27)         foreign key FKA5E9A3E1A3A97F9B
20:05:21,557 ERROR [org.hibernate.tool.hbm2ddl.SchemaExport] (ServerService Thread Pool -- 27) HHH000389: Unsuccessful: alter table speakersfortalk_speaker drop foreign key FKA5E9A3E1A3A97F9B
20:05:21,557 ERROR [org.hibernate.tool.hbm2ddl.SchemaExport] (ServerService Thread Pool -- 27) Table &apos;conference.speakersfortalk_speaker&apos; doesn&apos;t exist
20:05:21,557 INFO  [stdout] (ServerService Thread Pool -- 27) Hibernate: 
20:05:21,557 INFO  [stdout] (ServerService Thread Pool -- 27)     alter table speakersfortalk_speaker 
20:05:21,558 INFO  [stdout] (ServerService Thread Pool -- 27)         drop 
20:05:21,558 INFO  [stdout] (ServerService Thread Pool -- 27)         foreign key FKA5E9A3E11E59C6D0
20:05:21,558 ERROR [org.hibernate.tool.hbm2ddl.SchemaExport] (ServerService Thread Pool -- 27) HHH000389: Unsuccessful: alter table speakersfortalk_speaker drop foreign key FKA5E9A3E11E59C6D0
20:05:21,559 ERROR [org.hibernate.tool.hbm2ddl.SchemaExport] (ServerService Thread Pool -- 27) Table &apos;conference.speakersfortalk_speaker&apos; doesn&apos;t exist
20:05:21,559 INFO  [stdout] (ServerService Thread Pool -- 27) Hibernate: 
20:05:21,559 INFO  [stdout] (ServerService Thread Pool -- 27)     alter table talk 
20:05:21,559 INFO  [stdout] (ServerService Thread Pool -- 27)         drop 
20:05:21,559 INFO  [stdout] (ServerService Thread Pool -- 27)         foreign key FK3634ACFCD94CE4
20:05:21,561 ERROR [org.hibernate.tool.hbm2ddl.SchemaExport] (ServerService Thread Pool -- 27) HHH000389: Unsuccessful: alter table talk drop foreign key FK3634ACFCD94CE4
20:05:21,561 ERROR [org.hibernate.tool.hbm2ddl.SchemaExport] (ServerService Thread Pool -- 27) Table &apos;conference.talk&apos; doesn&apos;t exist
20:05:21,561 INFO  [stdout] (ServerService Thread Pool -- 27) Hibernate: 
20:05:21,561 INFO  [stdout] (ServerService Thread Pool -- 27)     drop table if exists conference
20:05:21,564 INFO  [stdout] (ServerService Thread Pool -- 27) Hibernate: 
20:05:21,564 INFO  [stdout] (ServerService Thread Pool -- 27)     drop table if exists conference_talk
20:05:21,566 INFO  [stdout] (ServerService Thread Pool -- 27) Hibernate: 
20:05:21,566 INFO  [stdout] (ServerService Thread Pool -- 27)     drop table if exists room
20:05:21,568 INFO  [stdout] (ServerService Thread Pool -- 27) Hibernate: 
20:05:21,568 INFO  [stdout] (ServerService Thread Pool -- 27)     drop table if exists speaker
20:05:21,570 INFO  [stdout] (ServerService Thread Pool -- 27) Hibernate: 
20:05:21,570 INFO  [stdout] (ServerService Thread Pool -- 27)     drop table if exists speaker_talk
20:05:21,572 INFO  [stdout] (ServerService Thread Pool -- 27) Hibernate: 
20:05:21,572 INFO  [stdout] (ServerService Thread Pool -- 27)     drop table if exists speakersfortalk
20:05:21,575 INFO  [stdout] (ServerService Thread Pool -- 27) Hibernate: 
20:05:21,575 INFO  [stdout] (ServerService Thread Pool -- 27)     drop table if exists speakersfortalk_speaker
20:05:21,577 INFO  [stdout] (ServerService Thread Pool -- 27) Hibernate: 
20:05:21,577 INFO  [stdout] (ServerService Thread Pool -- 27)     drop table if exists talk
20:05:21,578 INFO  [stdout] (ServerService Thread Pool -- 27) Hibernate: 
20:05:21,579 INFO  [stdout] (ServerService Thread Pool -- 27)     drop table if exists hibernate_sequence
20:05:21,580 INFO  [stdout] (ServerService Thread Pool -- 27) Hibernate: 
20:05:21,581 INFO  [stdout] (ServerService Thread Pool -- 27)     create table conference (
20:05:21,581 INFO  [stdout] (ServerService Thread Pool -- 27)         id bigint not null,
20:05:21,581 INFO  [stdout] (ServerService Thread Pool -- 27)         description varchar(255) not null,
20:05:21,581 INFO  [stdout] (ServerService Thread Pool -- 27)         end date not null,
20:05:21,581 INFO  [stdout] (ServerService Thread Pool -- 27)         name varchar(255) not null,
20:05:21,581 INFO  [stdout] (ServerService Thread Pool -- 27)         start date not null,
20:05:21,582 INFO  [stdout] (ServerService Thread Pool -- 27)         updateTimeStamp datetime,
20:05:21,582 INFO  [stdout] (ServerService Thread Pool -- 27)         primary key (id)
20:05:21,582 INFO  [stdout] (ServerService Thread Pool -- 27)     )
20:05:21,601 INFO  [stdout] (ServerService Thread Pool -- 27) Hibernate: 
20:05:21,601 INFO  [stdout] (ServerService Thread Pool -- 27)     create table conference_talk (
20:05:21,601 INFO  [stdout] (ServerService Thread Pool -- 27)         conference_id bigint not null,
20:05:21,602 INFO  [stdout] (ServerService Thread Pool -- 27)         talks_id bigint not null,
20:05:21,602 INFO  [stdout] (ServerService Thread Pool -- 27)         primary key (conference_id, talks_id),
20:05:21,602 INFO  [stdout] (ServerService Thread Pool -- 27)         unique (talks_id)
20:05:21,602 INFO  [stdout] (ServerService Thread Pool -- 27)     )
20:05:21,618 INFO  [stdout] (ServerService Thread Pool -- 27) Hibernate: 
20:05:21,619 INFO  [stdout] (ServerService Thread Pool -- 27)     create table room (
20:05:21,619 INFO  [stdout] (ServerService Thread Pool -- 27)         id bigint not null,
20:05:21,619 INFO  [stdout] (ServerService Thread Pool -- 27)         capacity integer not null check (capacity&gt;=1),
20:05:21,619 INFO  [stdout] (ServerService Thread Pool -- 27)         name varchar(255) not null,
20:05:21,619 INFO  [stdout] (ServerService Thread Pool -- 27)         updateTimeStamp datetime,
20:05:21,619 INFO  [stdout] (ServerService Thread Pool -- 27)         primary key (id)
20:05:21,619 INFO  [stdout] (ServerService Thread Pool -- 27)     )
20:05:21,633 INFO  [stdout] (ServerService Thread Pool -- 27) Hibernate: 
20:05:21,633 INFO  [stdout] (ServerService Thread Pool -- 27)     create table speaker (
20:05:21,633 INFO  [stdout] (ServerService Thread Pool -- 27)         id bigint not null,
20:05:21,633 INFO  [stdout] (ServerService Thread Pool -- 27)         email varchar(255) not null,
20:05:21,634 INFO  [stdout] (ServerService Thread Pool -- 27)         firstname varchar(255) not null,
20:05:21,634 INFO  [stdout] (ServerService Thread Pool -- 27)         name varchar(255) not null,
20:05:21,634 INFO  [stdout] (ServerService Thread Pool -- 27)         updateTimeStamp datetime,
20:05:21,634 INFO  [stdout] (ServerService Thread Pool -- 27)         primary key (id),
20:05:21,634 INFO  [stdout] (ServerService Thread Pool -- 27)         unique (email)
20:05:21,634 INFO  [stdout] (ServerService Thread Pool -- 27)     )
20:05:21,649 INFO  [stdout] (ServerService Thread Pool -- 27) Hibernate: 
20:05:21,649 INFO  [stdout] (ServerService Thread Pool -- 27)     create table speaker_talk (
20:05:21,649 INFO  [stdout] (ServerService Thread Pool -- 27)         speaker_id bigint not null,
20:05:21,649 INFO  [stdout] (ServerService Thread Pool -- 27)         talks_id bigint not null
20:05:21,650 INFO  [stdout] (ServerService Thread Pool -- 27)     )
20:05:21,662 INFO  [stdout] (ServerService Thread Pool -- 27) Hibernate: 
20:05:21,662 INFO  [stdout] (ServerService Thread Pool -- 27)     create table speakersfortalk (
20:05:21,662 INFO  [stdout] (ServerService Thread Pool -- 27)         id bigint not null,
20:05:21,662 INFO  [stdout] (ServerService Thread Pool -- 27)         primary key (id)
20:05:21,663 INFO  [stdout] (ServerService Thread Pool -- 27)     )
20:05:21,675 INFO  [stdout] (ServerService Thread Pool -- 27) Hibernate: 
20:05:21,676 INFO  [stdout] (ServerService Thread Pool -- 27)     create table speakersfortalk_speaker (
20:05:21,676 INFO  [stdout] (ServerService Thread Pool -- 27)         speakersfortalk_id bigint not null,
20:05:21,676 INFO  [stdout] (ServerService Thread Pool -- 27)         speakers_id bigint not null,
20:05:21,676 INFO  [stdout] (ServerService Thread Pool -- 27)         primary key (speakersfortalk_id, speakers_id)
20:05:21,676 INFO  [stdout] (ServerService Thread Pool -- 27)     )
20:05:21,690 INFO  [stdout] (ServerService Thread Pool -- 27) Hibernate: 
20:05:21,690 INFO  [stdout] (ServerService Thread Pool -- 27)     create table talk (
20:05:21,690 INFO  [stdout] (ServerService Thread Pool -- 27)         id bigint not null,
20:05:21,690 INFO  [stdout] (ServerService Thread Pool -- 27)         description varchar(255) not null,
20:05:21,690 INFO  [stdout] (ServerService Thread Pool -- 27)         durationInMinutes bigint not null check (durationInMinutes&gt;=1),
20:05:21,691 INFO  [stdout] (ServerService Thread Pool -- 27)         end time not null,
20:05:21,691 INFO  [stdout] (ServerService Thread Pool -- 27)         name varchar(255) not null,
20:05:21,691 INFO  [stdout] (ServerService Thread Pool -- 27)         start time not null,
20:05:21,691 INFO  [stdout] (ServerService Thread Pool -- 27)         updateTimeStamp datetime,
20:05:21,691 INFO  [stdout] (ServerService Thread Pool -- 27)         room_id bigint not null,
20:05:21,691 INFO  [stdout] (ServerService Thread Pool -- 27)         primary key (id)
20:05:21,691 INFO  [stdout] (ServerService Thread Pool -- 27)     )
20:05:21,705 INFO  [stdout] (ServerService Thread Pool -- 27) Hibernate: 
20:05:21,706 INFO  [stdout] (ServerService Thread Pool -- 27)     alter table conference_talk 
20:05:21,706 INFO  [stdout] (ServerService Thread Pool -- 27)         add index FKB9C79EF864438C9 (talks_id), 
20:05:21,706 INFO  [stdout] (ServerService Thread Pool -- 27)         add constraint FKB9C79EF864438C9 
20:05:21,706 INFO  [stdout] (ServerService Thread Pool -- 27)         foreign key (talks_id) 
20:05:21,706 INFO  [stdout] (ServerService Thread Pool -- 27)         references talk (id)
20:05:21,733 INFO  [stdout] (ServerService Thread Pool -- 27) Hibernate: 
20:05:21,733 INFO  [stdout] (ServerService Thread Pool -- 27)     alter table conference_talk 
20:05:21,733 INFO  [stdout] (ServerService Thread Pool -- 27)         add index FKB9C79EFF40E9C4 (conference_id), 
20:05:21,733 INFO  [stdout] (ServerService Thread Pool -- 27)         add constraint FKB9C79EFF40E9C4 
20:05:21,734 INFO  [stdout] (ServerService Thread Pool -- 27)         foreign key (conference_id) 
20:05:21,734 INFO  [stdout] (ServerService Thread Pool -- 27)         references conference (id)
20:05:21,763 INFO  [stdout] (ServerService Thread Pool -- 27) Hibernate: 
20:05:21,764 INFO  [stdout] (ServerService Thread Pool -- 27)     alter table speaker_talk 
20:05:21,764 INFO  [stdout] (ServerService Thread Pool -- 27)         add index FK39AFB4EC864438C9 (talks_id), 
20:05:21,764 INFO  [stdout] (ServerService Thread Pool -- 27)         add constraint FK39AFB4EC864438C9 
20:05:21,764 INFO  [stdout] (ServerService Thread Pool -- 27)         foreign key (talks_id) 
20:05:21,764 INFO  [stdout] (ServerService Thread Pool -- 27)         references talk (id)
20:05:21,787 INFO  [stdout] (ServerService Thread Pool -- 27) Hibernate: 
20:05:21,787 INFO  [stdout] (ServerService Thread Pool -- 27)     alter table speaker_talk 
20:05:21,787 INFO  [stdout] (ServerService Thread Pool -- 27)         add index FK39AFB4EC94C61C10 (speaker_id), 
20:05:21,787 INFO  [stdout] (ServerService Thread Pool -- 27)         add constraint FK39AFB4EC94C61C10 
20:05:21,787 INFO  [stdout] (ServerService Thread Pool -- 27)         foreign key (speaker_id) 
20:05:21,788 INFO  [stdout] (ServerService Thread Pool -- 27)         references speaker (id)
20:05:21,816 INFO  [stdout] (ServerService Thread Pool -- 27) Hibernate: 
20:05:21,816 INFO  [stdout] (ServerService Thread Pool -- 27)     alter table speakersfortalk_speaker 
20:05:21,816 INFO  [stdout] (ServerService Thread Pool -- 27)         add index FKA5E9A3E1A3A97F9B (speakers_id), 
20:05:21,816 INFO  [stdout] (ServerService Thread Pool -- 27)         add constraint FKA5E9A3E1A3A97F9B 
20:05:21,816 INFO  [stdout] (ServerService Thread Pool -- 27)         foreign key (speakers_id) 
20:05:21,816 INFO  [stdout] (ServerService Thread Pool -- 27)         references speaker (id)
20:05:21,841 INFO  [stdout] (ServerService Thread Pool -- 27) Hibernate: 
20:05:21,842 INFO  [stdout] (ServerService Thread Pool -- 27)     alter table speakersfortalk_speaker 
20:05:21,842 INFO  [stdout] (ServerService Thread Pool -- 27)         add index FKA5E9A3E11E59C6D0 (speakersfortalk_id), 
20:05:21,842 INFO  [stdout] (ServerService Thread Pool -- 27)         add constraint FKA5E9A3E11E59C6D0 
20:05:21,842 INFO  [stdout] (ServerService Thread Pool -- 27)         foreign key (speakersfortalk_id) 
20:05:21,842 INFO  [stdout] (ServerService Thread Pool -- 27)         references speakersfortalk (id)
20:05:21,870 INFO  [stdout] (ServerService Thread Pool -- 27) Hibernate: 
20:05:21,870 INFO  [stdout] (ServerService Thread Pool -- 27)     alter table talk 
20:05:21,870 INFO  [stdout] (ServerService Thread Pool -- 27)         add index FK3634ACFCD94CE4 (room_id), 
20:05:21,870 INFO  [stdout] (ServerService Thread Pool -- 27)         add constraint FK3634ACFCD94CE4 
20:05:21,870 INFO  [stdout] (ServerService Thread Pool -- 27)         foreign key (room_id) 
20:05:21,870 INFO  [stdout] (ServerService Thread Pool -- 27)         references room (id)
20:05:21,904 INFO  [stdout] (ServerService Thread Pool -- 27) Hibernate: 
20:05:21,905 INFO  [stdout] (ServerService Thread Pool -- 27)     create table hibernate_sequence (
20:05:21,905 INFO  [stdout] (ServerService Thread Pool -- 27)          next_val bigint 
20:05:21,905 INFO  [stdout] (ServerService Thread Pool -- 27)     )
20:05:21,917 INFO  [stdout] (ServerService Thread Pool -- 27) Hibernate: 
20:05:21,918 INFO  [stdout] (ServerService Thread Pool -- 27)     insert into hibernate_sequence values ( 100 )
20:05:21,920 INFO  [org.hibernate.tool.hbm2ddl.SchemaExport] (ServerService Thread Pool -- 27) HHH000230: Schema export complete
20:05:22,050 INFO  [org.jboss.weld.deployer] (MSC service thread 1-2) JBAS016008: Starte Weld-Dienst für Deployment test.war
20:05:22,608 ERROR [org.jboss.msc.service.fail] (MSC service thread 1-2) MSC00001: Failed to start service jboss.deployment.unit.&quot;test.war&quot;.WeldService: org.jboss.msc.service.StartException in service jboss.deployment.unit.&quot;test.war&quot;.WeldService: org.jboss.weld.exceptions.DeploymentException: WELD-001409 Ambiguous dependencies for type [PerformanceMXBean] with qualifiers [@Default] at injection point [[field] @Inject private com.prodyna.conference.core.event.PerformanceObserver.performanceMgmtBean]. Possible dependencies [[Managed Bean [class com.prodyna.core.monitoring.Performance] with qualifiers [@Any @Default], Producer Method [PerformanceMXBean] with qualifiers [@Any @Default] declared as [[method] @Produces public com.prodyna.conference.core.util.MBeanProducer.producePerformanceMgmtBean()]]]
	at org.jboss.as.weld.services.WeldService.start(WeldService.java:83)
	at org.jboss.msc.service.ServiceControllerImpl$StartTask.startService(ServiceControllerImpl.java:1811) [jboss-msc-1.0.2.GA.jar:1.0.2.GA]
	at org.jboss.msc.service.ServiceControllerImpl$StartTask.run(ServiceControllerImpl.java:1746) [jboss-msc-1.0.2.GA.jar:1.0.2.GA]
	at java.util.concurrent.ThreadPoolExecutor.runWorker(ThreadPoolExecutor.java:1145) [rt.jar:1.7.0_40]
	at java.util.concurrent.ThreadPoolExecutor$Worker.run(ThreadPoolExecutor.java:615) [rt.jar:1.7.0_40]
	at java.lang.Thread.run(Thread.java:724) [rt.jar:1.7.0_40]
Caused by: org.jboss.weld.exceptions.DeploymentException: WELD-001409 Ambiguous dependencies for type [PerformanceMXBean] with qualifiers [@Default] at injection point [[field] @Inject private com.prodyna.conference.core.event.PerformanceObserver.performanceMgmtBean]. Possible dependencies [[Managed Bean [class com.prodyna.core.monitoring.Performance] with qualifiers [@Any @Default], Producer Method [PerformanceMXBean] with qualifiers [@Any @Default] declared as [[method] @Produces public com.prodyna.conference.core.util.MBeanProducer.producePerformanceMgmtBean()]]]
	at org.jboss.weld.bootstrap.Validator.validateInjectionPoint(Validator.java:314)
	at org.jboss.weld.bootstrap.Validator.validateInjectionPoint(Validator.java:280)
	at org.jboss.weld.bootstrap.Validator.validateBean(Validator.java:143)
	at org.jboss.weld.bootstrap.Validator.validateRIBean(Validator.java:163)
	at org.jboss.weld.bootstrap.Validator.validateBeans(Validator.java:382)
	at org.jboss.weld.bootstrap.Validator.validateDeployment(Validator.java:367)
	at org.jboss.weld.bootstrap.WeldBootstrap.validateBeans(WeldBootstrap.java:380)
	at org.jboss.as.weld.WeldContainer.start(WeldContainer.java:83)
	at org.jboss.as.weld.services.WeldService.start(WeldService.java:76)
	... 5 more

20:05:22,824 INFO  [org.jboss.as.server] (management-handler-thread - 2) JBAS015870: Deploy von Deployment &quot;test.war&quot; wurde mit Fehlermeldung {&quot;JBAS014671: Fehlgeschlagene Dienste&quot; =&gt; {&quot;jboss.deployment.unit.\&quot;test.war\&quot;.WeldService&quot; =&gt; &quot;org.jboss.msc.service.StartException in service jboss.deployment.unit.\&quot;test.war\&quot;.WeldService: org.jboss.weld.exceptions.DeploymentException: WELD-001409 Ambiguous dependencies for type [PerformanceMXBean] with qualifiers [@Default] at injection point [[field] @Inject private com.prodyna.conference.core.event.PerformanceObserver.performanceMgmtBean]. Possible dependencies [[Managed Bean [class com.prodyna.core.monitoring.Performance] with qualifiers [@Any @Default], Producer Method [PerformanceMXBean] with qualifiers [@Any @Default] declared as [[method] @Produces public com.prodyna.conference.core.util.MBeanProducer.producePerformanceMgmtBean()]]]
    Caused by: org.jboss.weld.exceptions.DeploymentException: WELD-001409 Ambiguous dependencies for type [PerformanceMXBean] with qualifiers [@Default] at injection point [[field] @Inject private com.prodyna.conference.core.event.PerformanceObserver.performanceMgmtBean]. Possible dependencies [[Managed Bean [class com.prodyna.core.monitoring.Performance] with qualifiers [@Any @Default], Producer Method [PerformanceMXBean] with qualifiers [@Any @Default] declared as [[method] @Produces public com.prodyna.conference.core.util.MBeanProducer.producePerformanceMgmtBean()]]]&quot;},&quot;JBAS014771: Dienste mit fehlenden/unverfügbaren Abhängigkeiten &quot; =&gt; [&quot;jboss.deployment.unit.\&quot;test.war\&quot;.component.ConferenceServiceImpl.START [JBAS014861: &lt;one or more transitive dependencies&gt;] fehlt&quot;,&quot;jboss.deployment.unit.\&quot;test.war\&quot;.component.TalkServiceImpl.WeldInstantiator [JBAS014861: &lt;one or more transitive dependencies&gt;] fehlt&quot;,&quot;jboss.deployment.unit.\&quot;test.war\&quot;.jboss.security.jacc [JBAS014861: &lt;one or more transitive dependencies&gt;] fehlt&quot;,&quot;jboss.deployment.unit.\&quot;test.war\&quot;.component.\&quot;org.jboss.arquillian.protocol.servlet.runner.ServletTestRunner\&quot;.START [JBAS014861: &lt;one or more transitive dependencies&gt;] fehlt&quot;,&quot;jboss.deployment.unit.\&quot;test.war\&quot;.component.RoomServiceImpl.WeldInstantiator [JBAS014861: &lt;one or more transitive dependencies&gt;] fehlt&quot;,&quot;jboss.deployment.unit.\&quot;test.war\&quot;.component.RoomServiceImpl.START [JBAS014861: &lt;one or more transitive dependencies&gt;] fehlt&quot;,&quot;jboss.deployment.unit.\&quot;test.war\&quot;.component.SpeakerServiceImpl.WeldInstantiator [JBAS014861: &lt;one or more transitive dependencies&gt;] fehlt&quot;,&quot;jboss.deployment.unit.\&quot;test.war\&quot;.component.MonitoringStartupBean.WeldInstantiator [JBAS014861: &lt;one or more transitive dependencies&gt;] fehlt&quot;,&quot;jboss.deployment.unit.\&quot;test.war\&quot;.component.ConferenceServiceImpl.WeldInstantiator [JBAS014861: &lt;one or more transitive dependencies&gt;] fehlt&quot;,&quot;jboss.deployment.unit.\&quot;test.war\&quot;.component.MonitoringStartupBean.START [JBAS014861: &lt;one or more transitive dependencies&gt;] fehlt&quot;,&quot;jboss.deployment.unit.\&quot;test.war\&quot;.component.\&quot;javax.servlet.jsp.jstl.tlv.PermittedTaglibsTLV\&quot;.WeldInstantiator [JBAS014861: &lt;one or more transitive dependencies&gt;] fehlt&quot;,&quot;jboss.deployment.unit.\&quot;test.war\&quot;.component.\&quot;com.sun.faces.config.ConfigureListener\&quot;.START [JBAS014861: &lt;one or more transitive dependencies&gt;] fehlt&quot;,&quot;jboss.deployment.unit.\&quot;test.war\&quot;.component.\&quot;com.sun.faces.config.ConfigureListener\&quot;.WeldInstantiator [JBAS014861: &lt;one or more transitive dependencies&gt;] fehlt&quot;,&quot;jboss.deployment.unit.\&quot;test.war\&quot;.component.\&quot;org.apache.jasper.servlet.JspServlet\&quot;.WeldInstantiator [JBAS014861: &lt;one or more transitive dependencies&gt;] fehlt&quot;,&quot;jboss.deployment.unit.\&quot;test.war\&quot;.component.\&quot;javax.faces.webapp.FacetTag\&quot;.WeldInstantiator [JBAS014861: &lt;one or more transitive dependencies&gt;] fehlt&quot;,&quot;jboss.deployment.unit.\&quot;test.war\&quot;.component.\&quot;javax.servlet.jsp.jstl.tlv.ScriptFreeTLV\&quot;.START [JBAS014861: &lt;one or more transitive dependencies&gt;] fehlt&quot;,&quot;jboss.deployment.unit.\&quot;test.war\&quot;.component.\&quot;org.jboss.as.weld.webtier.jsp.JspInitializationListener\&quot;.WeldInstantiator [JBAS014861: &lt;one or more transitive dependencies&gt;] fehlt&quot;,&quot;jboss.deployment.unit.\&quot;test.war\&quot;.beanmanager [JBAS014861: &lt;one or more transitive dependencies&gt;] fehlt&quot;,&quot;jboss.deployment.unit.\&quot;test.war\&quot;.component.\&quot;org.apache.catalina.servlets.DefaultServlet\&quot;.WeldInstantiator [JBAS014861: &lt;one or more transitive dependencies&gt;] fehlt&quot;,&quot;jboss.deployment.unit.\&quot;test.war\&quot;.component.\&quot;javax.servlet.jsp.jstl.tlv.PermittedTaglibsTLV\&quot;.START [JBAS014861: &lt;one or more transitive dependencies&gt;] fehlt&quot;,&quot;jboss.deployment.unit.\&quot;test.war\&quot;.component.\&quot;org.apache.jasper.servlet.JspServlet\&quot;.START [JBAS014861: &lt;one or more transitive dependencies&gt;] fehlt&quot;,&quot;jboss.deployment.unit.\&quot;test.war\&quot;.component.\&quot;javax.faces.webapp.FacetTag\&quot;.START [JBAS014861: &lt;one or more transitive dependencies&gt;] fehlt&quot;,&quot;jboss.deployment.unit.\&quot;test.war\&quot;.component.SpeakerServiceImpl.START [JBAS014861: &lt;one or more transitive dependencies&gt;] fehlt&quot;,&quot;jboss.web.deployment.default-host./test [JBAS014861: &lt;one or more transitive dependencies&gt;] fehlt&quot;,&quot;jboss.deployment.unit.\&quot;test.war\&quot;.component.\&quot;javax.servlet.jsp.jstl.tlv.ScriptFreeTLV\&quot;.WeldInstantiator [JBAS014861: &lt;one or more transitive dependencies&gt;] fehlt&quot;,&quot;jboss.deployment.unit.\&quot;test.war\&quot;.component.TalkServiceImpl.START [JBAS014861: &lt;one or more transitive dependencies&gt;] fehlt&quot;,&quot;jboss.deployment.unit.\&quot;test.war\&quot;.component.\&quot;org.apache.catalina.servlets.DefaultServlet\&quot;.START [JBAS014861: &lt;one or more transitive dependencies&gt;] fehlt&quot;,&quot;jboss.deployment.unit.\&quot;test.war\&quot;.component.\&quot;org.jboss.arquillian.protocol.servlet.runner.ServletTestRunner\&quot;.WeldInstantiator [JBAS014861: &lt;one or more transitive dependencies&gt;] fehlt&quot;,&quot;jboss.deployment.unit.\&quot;test.war\&quot;.component.\&quot;org.jboss.as.weld.webtier.jsp.JspInitializationListener\&quot;.START [JBAS014861: &lt;one or more transitive dependencies&gt;] fehlt&quot;]} zurückgesetzt
20:05:22,829 INFO  [org.jboss.as.osgi] (MSC service thread 1-3) JBAS011908: Deregistrierung von Modul: Module &quot;deployment.test.war:main&quot; from Service Module Loader
20:05:22,833 INFO  [org.jboss.as.jpa] (ServerService Thread Pool -- 27) JBAS011403: Stoppe Persistence Unit Dienst &apos;test.war#primary&apos;
20:05:22,834 INFO  [org.hibernate.tool.hbm2ddl.SchemaExport] (ServerService Thread Pool -- 27) HHH000227: Running hbm2ddl schema export
20:05:22,835 INFO  [stdout] (ServerService Thread Pool -- 27) Hibernate: 
20:05:22,835 INFO  [stdout] (ServerService Thread Pool -- 27)     alter table conference_talk 
20:05:22,835 INFO  [stdout] (ServerService Thread Pool -- 27)         drop 
20:05:22,835 INFO  [stdout] (ServerService Thread Pool -- 27)         foreign key FKB9C79EF864438C9
20:05:22,849 INFO  [stdout] (ServerService Thread Pool -- 27) Hibernate: 
20:05:22,849 INFO  [stdout] (ServerService Thread Pool -- 27)     alter table conference_talk 
20:05:22,849 INFO  [stdout] (ServerService Thread Pool -- 27)         drop 
20:05:22,849 INFO  [stdout] (ServerService Thread Pool -- 27)         foreign key FKB9C79EFF40E9C4
20:05:22,859 INFO  [stdout] (ServerService Thread Pool -- 27) Hibernate: 
20:05:22,859 INFO  [stdout] (ServerService Thread Pool -- 27)     alter table speaker_talk 
20:05:22,859 INFO  [stdout] (ServerService Thread Pool -- 27)         drop 
20:05:22,859 INFO  [stdout] (ServerService Thread Pool -- 27)         foreign key FK39AFB4EC864438C9
20:05:22,869 INFO  [stdout] (ServerService Thread Pool -- 27) Hibernate: 
20:05:22,869 INFO  [stdout] (ServerService Thread Pool -- 27)     alter table speaker_talk 
20:05:22,869 INFO  [stdout] (ServerService Thread Pool -- 27)         drop 
20:05:22,870 INFO  [stdout] (ServerService Thread Pool -- 27)         foreign key FK39AFB4EC94C61C10
20:05:22,878 INFO  [stdout] (ServerService Thread Pool -- 27) Hibernate: 
20:05:22,879 INFO  [stdout] (ServerService Thread Pool -- 27)     alter table speakersfortalk_speaker 
20:05:22,879 INFO  [stdout] (ServerService Thread Pool -- 27)         drop 
20:05:22,879 INFO  [stdout] (ServerService Thread Pool -- 27)         foreign key FKA5E9A3E1A3A97F9B
20:05:22,891 INFO  [stdout] (ServerService Thread Pool -- 27) Hibernate: 
20:05:22,891 INFO  [stdout] (ServerService Thread Pool -- 27)     alter table speakersfortalk_speaker 
20:05:22,891 INFO  [stdout] (ServerService Thread Pool -- 27)         drop 
20:05:22,892 INFO  [stdout] (ServerService Thread Pool -- 27)         foreign key FKA5E9A3E11E59C6D0
20:05:22,901 INFO  [stdout] (ServerService Thread Pool -- 27) Hibernate: 
20:05:22,901 INFO  [stdout] (ServerService Thread Pool -- 27)     alter table talk 
20:05:22,901 INFO  [stdout] (ServerService Thread Pool -- 27)         drop 
20:05:22,901 INFO  [stdout] (ServerService Thread Pool -- 27)         foreign key FK3634ACFCD94CE4
20:05:22,914 INFO  [stdout] (ServerService Thread Pool -- 27) Hibernate: 
20:05:22,915 INFO  [stdout] (ServerService Thread Pool -- 27)     drop table if exists conference
20:05:22,920 INFO  [stdout] (ServerService Thread Pool -- 27) Hibernate: 
20:05:22,920 INFO  [stdout] (ServerService Thread Pool -- 27)     drop table if exists conference_talk
20:05:22,928 INFO  [stdout] (ServerService Thread Pool -- 27) Hibernate: 
20:05:22,929 INFO  [stdout] (ServerService Thread Pool -- 27)     drop table if exists room
20:05:22,933 INFO  [stdout] (ServerService Thread Pool -- 27) Hibernate: 
20:05:22,933 INFO  [stdout] (ServerService Thread Pool -- 27)     drop table if exists speaker
20:05:22,937 INFO  [stdout] (ServerService Thread Pool -- 27) Hibernate: 
20:05:22,937 INFO  [stdout] (ServerService Thread Pool -- 27)     drop table if exists speaker_talk
20:05:22,941 INFO  [stdout] (ServerService Thread Pool -- 27) Hibernate: 
20:05:22,941 INFO  [stdout] (ServerService Thread Pool -- 27)     drop table if exists speakersfortalk
20:05:22,945 INFO  [stdout] (ServerService Thread Pool -- 27) Hibernate: 
20:05:22,945 INFO  [stdout] (ServerService Thread Pool -- 27)     drop table if exists speakersfortalk_speaker
20:05:22,948 INFO  [stdout] (ServerService Thread Pool -- 27) Hibernate: 
20:05:22,948 INFO  [stdout] (ServerService Thread Pool -- 27)     drop table if exists talk
20:05:22,952 INFO  [stdout] (ServerService Thread Pool -- 27) Hibernate: 
20:05:22,952 INFO  [stdout] (ServerService Thread Pool -- 27)     drop table if exists hibernate_sequence
20:05:22,955 INFO  [org.hibernate.tool.hbm2ddl.SchemaExport] (ServerService Thread Pool -- 27) HHH000230: Schema export complete
20:05:22,992 INFO  [org.jboss.as.server.deployment] (MSC service thread 1-8) JBAS015877: Deployment von test.war in 173ms gestoppt
</system-out>
    <system-err>log4j:WARN No appenders could be found for logger (org.jboss.logging).
log4j:WARN Please initialize the log4j system properly.
Okt 14, 2013 8:05:10 PM org.jboss.as.arquillian.container.managed.ManagedDeployableContainer startInternal
Information: Starting container with: [&quot;c:\Program Files\Java\jdk1.7.0_40\bin\java&quot;, -Xmx512m, -XX:MaxPermSize=128m, -ea, -Djboss.home.dir=g:\ARBEITSUMGEBUNG\SERVER\jboss-as-7.1.3.Final, -Dorg.jboss.boot.log.file=g:\ARBEITSUMGEBUNG\SERVER\jboss-as-7.1.3.Final/standalone/log/boot.log, -Dlogging.configuration=file:g:\ARBEITSUMGEBUNG\SERVER\jboss-as-7.1.3.Final/standalone/configuration/logging.properties, -Djboss.bundles.dir=g:\ARBEITSUMGEBUNG\SERVER\jboss-as-7.1.3.Final\bundles, -jar, g:\ARBEITSUMGEBUNG\SERVER\jboss-as-7.1.3.Final\jboss-modules.jar, -mp, g:\ARBEITSUMGEBUNG\SERVER\jboss-as-7.1.3.Final\modules, -jaxpmodule, javax.xml.jaxp-provider, org.jboss.as.standalone, -server-config, standalone.xml]
Okt 14, 2013 8:05:17 PM org.jboss.shrinkwrap.resolver.impl.maven.LogRepositoryListener metadataInvalid
Warnung: Invalid metadata com.prodyna.conference:conference-core:SNAPSHOT/maven-metadata.xml
Okt 14, 2013 8:05:17 PM org.jboss.shrinkwrap.resolver.impl.maven.LogRepositoryListener metadataInvalid
Warnung: Invalid metadata com.prodyna.conference:conference-core:SNAPSHOT/maven-metadata.xml
Okt 14, 2013 8:05:18 PM org.jboss.shrinkwrap.resolver.impl.maven.LogRepositoryListener metadataInvalid
Warnung: Invalid metadata com.prodyna.conference:conference:SNAPSHOT/maven-metadata.xml
Okt 14, 2013 8:05:18 PM org.jboss.shrinkwrap.resolver.impl.maven.LogRepositoryListener metadataInvalid
Warnung: Invalid metadata com.prodyna.conference:conference-core:SNAPSHOT/maven-metadata.xml
</system-err>
  </testcase>
</testsuite>