<?xml version="1.0" encoding="UTF-8" ?>
<testsuite failures="0" time="1.625" errors="1" skipped="0" tests="1" name="com.prodyna.conference.service.TalkTest">
  <properties>
[...]
</properties>
  <testcase time="1.625" classname="com.prodyna.conference.service.TalkTest" name="com.prodyna.conference.service.TalkTest">
    <error message="Cannot deploy: test.war" type="org.jboss.arquillian.container.spi.client.container.DeploymentException">org.jboss.arquillian.container.spi.client.container.DeploymentException: Cannot deploy: test.war
	at org.jboss.as.arquillian.container.ArchiveDeployer.deployInternal(ArchiveDeployer.java:83)
	at org.jboss.as.arquillian.container.ArchiveDeployer.deployInternal(ArchiveDeployer.java:64)
	at org.jboss.as.arquillian.container.ArchiveDeployer.deploy(ArchiveDeployer.java:46)
	at org.jboss.as.arquillian.container.CommonDeployableContainer.deploy(CommonDeployableContainer.java:145)
	at org.jboss.arquillian.container.impl.client.container.ContainerDeployController$3.call(ContainerDeployController.java:161)
	at org.jboss.arquillian.container.impl.client.container.ContainerDeployController$3.call(ContainerDeployController.java:128)
	at org.jboss.arquillian.container.impl.client.container.ContainerDeployController.executeOperation(ContainerDeployController.java:271)
	at org.jboss.arquillian.container.impl.client.container.ContainerDeployController.deploy(ContainerDeployController.java:127)
	at sun.reflect.NativeMethodAccessorImpl.invoke0(Native Method)
	at sun.reflect.NativeMethodAccessorImpl.invoke(NativeMethodAccessorImpl.java:57)
	at sun.reflect.DelegatingMethodAccessorImpl.invoke(DelegatingMethodAccessorImpl.java:43)
	at java.lang.reflect.Method.invoke(Method.java:606)
	at org.jboss.arquillian.core.impl.ObserverImpl.invoke(ObserverImpl.java:94)
	at org.jboss.arquillian.core.impl.EventContextImpl.invokeObservers(EventContextImpl.java:99)
	at org.jboss.arquillian.core.impl.EventContextImpl.proceed(EventContextImpl.java:81)
	at org.jboss.arquillian.container.impl.client.container.DeploymentExceptionHandler.verifyExpectedExceptionDuringDeploy(DeploymentExceptionHandler.java:50)
	at sun.reflect.NativeMethodAccessorImpl.invoke0(Native Method)
	at sun.reflect.NativeMethodAccessorImpl.invoke(NativeMethodAccessorImpl.java:57)
	at sun.reflect.DelegatingMethodAccessorImpl.invoke(DelegatingMethodAccessorImpl.java:43)
	at java.lang.reflect.Method.invoke(Method.java:606)
	at org.jboss.arquillian.core.impl.ObserverImpl.invoke(ObserverImpl.java:94)
	at org.jboss.arquillian.core.impl.EventContextImpl.proceed(EventContextImpl.java:88)
	at org.jboss.arquillian.container.impl.client.ContainerDeploymentContextHandler.createDeploymentContext(ContainerDeploymentContextHandler.java:78)
	at sun.reflect.NativeMethodAccessorImpl.invoke0(Native Method)
	at sun.reflect.NativeMethodAccessorImpl.invoke(NativeMethodAccessorImpl.java:57)
	at sun.reflect.DelegatingMethodAccessorImpl.invoke(DelegatingMethodAccessorImpl.java:43)
	at java.lang.reflect.Method.invoke(Method.java:606)
	at org.jboss.arquillian.core.impl.ObserverImpl.invoke(ObserverImpl.java:94)
	at org.jboss.arquillian.core.impl.EventContextImpl.proceed(EventContextImpl.java:88)
	at org.jboss.arquillian.container.impl.client.ContainerDeploymentContextHandler.createContainerContext(ContainerDeploymentContextHandler.java:57)
	at sun.reflect.NativeMethodAccessorImpl.invoke0(Native Method)
	at sun.reflect.NativeMethodAccessorImpl.invoke(NativeMethodAccessorImpl.java:57)
	at sun.reflect.DelegatingMethodAccessorImpl.invoke(DelegatingMethodAccessorImpl.java:43)
	at java.lang.reflect.Method.invoke(Method.java:606)
	at org.jboss.arquillian.core.impl.ObserverImpl.invoke(ObserverImpl.java:94)
	at org.jboss.arquillian.core.impl.EventContextImpl.proceed(EventContextImpl.java:88)
	at org.jboss.arquillian.core.impl.ManagerImpl.fire(ManagerImpl.java:135)
	at org.jboss.arquillian.core.impl.ManagerImpl.fire(ManagerImpl.java:115)
	at org.jboss.arquillian.core.impl.EventImpl.fire(EventImpl.java:67)
	at org.jboss.arquillian.container.impl.client.container.ContainerDeployController$1.perform(ContainerDeployController.java:95)
	at org.jboss.arquillian.container.impl.client.container.ContainerDeployController$1.perform(ContainerDeployController.java:80)
	at org.jboss.arquillian.container.impl.client.container.ContainerDeployController.forEachDeployment(ContainerDeployController.java:263)
	at org.jboss.arquillian.container.impl.client.container.ContainerDeployController.forEachManagedDeployment(ContainerDeployController.java:239)
	at org.jboss.arquillian.container.impl.client.container.ContainerDeployController.deployManaged(ContainerDeployController.java:79)
	at sun.reflect.NativeMethodAccessorImpl.invoke0(Native Method)
	at sun.reflect.NativeMethodAccessorImpl.invoke(NativeMethodAccessorImpl.java:57)
	at sun.reflect.DelegatingMethodAccessorImpl.invoke(DelegatingMethodAccessorImpl.java:43)
	at java.lang.reflect.Method.invoke(Method.java:606)
	at org.jboss.arquillian.core.impl.ObserverImpl.invoke(ObserverImpl.java:94)
	at org.jboss.arquillian.core.impl.EventContextImpl.invokeObservers(EventContextImpl.java:99)
	at org.jboss.arquillian.core.impl.EventContextImpl.proceed(EventContextImpl.java:81)
	at org.jboss.arquillian.core.impl.ManagerImpl.fire(ManagerImpl.java:135)
	at org.jboss.arquillian.core.impl.ManagerImpl.fire(ManagerImpl.java:115)
	at org.jboss.arquillian.core.impl.EventImpl.fire(EventImpl.java:67)
	at org.jboss.arquillian.container.test.impl.client.ContainerEventController.execute(ContainerEventController.java:101)
	at sun.reflect.NativeMethodAccessorImpl.invoke0(Native Method)
	at sun.reflect.NativeMethodAccessorImpl.invoke(NativeMethodAccessorImpl.java:57)
	at sun.reflect.DelegatingMethodAccessorImpl.invoke(DelegatingMethodAccessorImpl.java:43)
	at java.lang.reflect.Method.invoke(Method.java:606)
	at org.jboss.arquillian.core.impl.ObserverImpl.invoke(ObserverImpl.java:94)
	at org.jboss.arquillian.core.impl.EventContextImpl.invokeObservers(EventContextImpl.java:99)
	at org.jboss.arquillian.core.impl.EventContextImpl.proceed(EventContextImpl.java:81)
	at org.jboss.arquillian.test.impl.TestContextHandler.createClassContext(TestContextHandler.java:75)
	at sun.reflect.NativeMethodAccessorImpl.invoke0(Native Method)
	at sun.reflect.NativeMethodAccessorImpl.invoke(NativeMethodAccessorImpl.java:57)
	at sun.reflect.DelegatingMethodAccessorImpl.invoke(DelegatingMethodAccessorImpl.java:43)
	at java.lang.reflect.Method.invoke(Method.java:606)
	at org.jboss.arquillian.core.impl.ObserverImpl.invoke(ObserverImpl.java:94)
	at org.jboss.arquillian.core.impl.EventContextImpl.proceed(EventContextImpl.java:88)
	at org.jboss.arquillian.test.impl.TestContextHandler.createSuiteContext(TestContextHandler.java:60)
	at sun.reflect.NativeMethodAccessorImpl.invoke0(Native Method)
	at sun.reflect.NativeMethodAccessorImpl.invoke(NativeMethodAccessorImpl.java:57)
	at sun.reflect.DelegatingMethodAccessorImpl.invoke(DelegatingMethodAccessorImpl.java:43)
	at java.lang.reflect.Method.invoke(Method.java:606)
	at org.jboss.arquillian.core.impl.ObserverImpl.invoke(ObserverImpl.java:94)
	at org.jboss.arquillian.core.impl.EventContextImpl.proceed(EventContextImpl.java:88)
	at org.jboss.arquillian.core.impl.ManagerImpl.fire(ManagerImpl.java:135)
	at org.jboss.arquillian.core.impl.ManagerImpl.fire(ManagerImpl.java:115)
	at org.jboss.arquillian.test.impl.EventTestRunnerAdaptor.beforeClass(EventTestRunnerAdaptor.java:80)
	at org.jboss.arquillian.junit.Arquillian$2.evaluate(Arquillian.java:182)
	at org.jboss.arquillian.junit.Arquillian.multiExecute(Arquillian.java:314)
	at org.jboss.arquillian.junit.Arquillian.access$100(Arquillian.java:46)
	at org.jboss.arquillian.junit.Arquillian$3.evaluate(Arquillian.java:199)
	at org.junit.runners.ParentRunner.run(ParentRunner.java:300)
	at org.jboss.arquillian.junit.Arquillian.run(Arquillian.java:147)
	at org.apache.maven.surefire.junit4.JUnit4Provider.execute(JUnit4Provider.java:252)
	at org.apache.maven.surefire.junit4.JUnit4Provider.executeTestSet(JUnit4Provider.java:141)
	at org.apache.maven.surefire.junit4.JUnit4Provider.invoke(JUnit4Provider.java:112)
	at sun.reflect.NativeMethodAccessorImpl.invoke0(Native Method)
	at sun.reflect.NativeMethodAccessorImpl.invoke(NativeMethodAccessorImpl.java:57)
	at sun.reflect.DelegatingMethodAccessorImpl.invoke(DelegatingMethodAccessorImpl.java:43)
	at java.lang.reflect.Method.invoke(Method.java:606)
	at org.apache.maven.surefire.util.ReflectionUtils.invokeMethodWithArray(ReflectionUtils.java:189)
	at org.apache.maven.surefire.booter.ProviderFactory$ProviderProxy.invoke(ProviderFactory.java:165)
	at org.apache.maven.surefire.booter.ProviderFactory.invokeProvider(ProviderFactory.java:85)
	at org.apache.maven.surefire.booter.ForkedBooter.runSuitesInProcess(ForkedBooter.java:115)
	at org.apache.maven.surefire.booter.ForkedBooter.main(ForkedBooter.java:75)
Caused by: java.lang.Exception: {
    &quot;JBAS014671: Fehlgeschlagene Dienste&quot; =&gt; {&quot;jboss.deployment.unit.\&quot;test.war\&quot;.WeldService&quot; =&gt; &quot;org.jboss.msc.service.StartException in service jboss.deployment.unit.\&quot;test.war\&quot;.WeldService: org.jboss.weld.exceptions.DeploymentException: WELD-001409 Ambiguous dependencies for type [PerformanceMXBean] with qualifiers [@Default] at injection point [[field] @Inject private com.prodyna.conference.core.event.PerformanceObserver.performanceMgmtBean]. Possible dependencies [[Managed Bean [class com.prodyna.core.monitoring.Performance] with qualifiers [@Any @Default], Producer Method [PerformanceMXBean] with qualifiers [@Any @Default] declared as [[method] @Produces public com.prodyna.conference.core.util.MBeanProducer.producePerformanceMgmtBean()]]]
    Caused by: org.jboss.weld.exceptions.DeploymentException: WELD-001409 Ambiguous dependencies for type [PerformanceMXBean] with qualifiers [@Default] at injection point [[field] @Inject private com.prodyna.conference.core.event.PerformanceObserver.performanceMgmtBean]. Possible dependencies [[Managed Bean [class com.prodyna.core.monitoring.Performance] with qualifiers [@Any @Default], Producer Method [PerformanceMXBean] with qualifiers [@Any @Default] declared as [[method] @Produces public com.prodyna.conference.core.util.MBeanProducer.producePerformanceMgmtBean()]]]&quot;},
    &quot;JBAS014771: Dienste mit fehlenden/unverfügbaren Abhängigkeiten &quot; =&gt; [
        &quot;jboss.deployment.unit.\&quot;test.war\&quot;.component.MonitoringStartupBean.WeldInstantiator [JBAS014861: &lt;one or more transitive dependencies&gt;] fehlt&quot;,
        &quot;jboss.web.deployment.default-host./test [JBAS014861: &lt;one or more transitive dependencies&gt;] fehlt&quot;,
        &quot;jboss.deployment.unit.\&quot;test.war\&quot;.beanmanager [JBAS014861: &lt;one or more transitive dependencies&gt;] fehlt&quot;,
        &quot;jboss.deployment.unit.\&quot;test.war\&quot;.component.RoomServiceImpl.WeldInstantiator [JBAS014861: &lt;one or more transitive dependencies&gt;] fehlt&quot;,
        &quot;jboss.deployment.unit.\&quot;test.war\&quot;.component.SpeakerServiceImpl.START [JBAS014861: &lt;one or more transitive dependencies&gt;] fehlt&quot;,
        &quot;jboss.deployment.unit.\&quot;test.war\&quot;.component.RoomServiceImpl.START [JBAS014861: &lt;one or more transitive dependencies&gt;] fehlt&quot;,
        &quot;jboss.deployment.unit.\&quot;test.war\&quot;.component.ConferenceServiceImpl.START [JBAS014861: &lt;one or more transitive dependencies&gt;] fehlt&quot;,
        &quot;jboss.deployment.unit.\&quot;test.war\&quot;.component.\&quot;javax.servlet.jsp.jstl.tlv.PermittedTaglibsTLV\&quot;.START [JBAS014861: &lt;one or more transitive dependencies&gt;] fehlt&quot;,
        &quot;jboss.deployment.unit.\&quot;test.war\&quot;.component.\&quot;javax.servlet.jsp.jstl.tlv.PermittedTaglibsTLV\&quot;.WeldInstantiator [JBAS014861: &lt;one or more transitive dependencies&gt;] fehlt&quot;,
        &quot;jboss.deployment.unit.\&quot;test.war\&quot;.component.\&quot;org.apache.catalina.servlets.DefaultServlet\&quot;.START [JBAS014861: &lt;one or more transitive dependencies&gt;] fehlt&quot;,
        &quot;jboss.deployment.unit.\&quot;test.war\&quot;.component.\&quot;org.apache.jasper.servlet.JspServlet\&quot;.START [JBAS014861: &lt;one or more transitive dependencies&gt;] fehlt&quot;,
        &quot;jboss.deployment.unit.\&quot;test.war\&quot;.component.SpeakerServiceImpl.WeldInstantiator [JBAS014861: &lt;one or more transitive dependencies&gt;] fehlt&quot;,
        &quot;jboss.deployment.unit.\&quot;test.war\&quot;.component.\&quot;com.sun.faces.config.ConfigureListener\&quot;.START [JBAS014861: &lt;one or more transitive dependencies&gt;] fehlt&quot;,
        &quot;jboss.deployment.unit.\&quot;test.war\&quot;.jboss.security.jacc [JBAS014861: &lt;one or more transitive dependencies&gt;] fehlt&quot;,
        &quot;jboss.deployment.unit.\&quot;test.war\&quot;.component.\&quot;org.jboss.as.weld.webtier.jsp.JspInitializationListener\&quot;.START [JBAS014861: &lt;one or more transitive dependencies&gt;] fehlt&quot;,
        &quot;jboss.deployment.unit.\&quot;test.war\&quot;.component.TalkServiceImpl.START [JBAS014861: &lt;one or more transitive dependencies&gt;] fehlt&quot;,
        &quot;jboss.deployment.unit.\&quot;test.war\&quot;.component.\&quot;javax.faces.webapp.FacetTag\&quot;.START [JBAS014861: &lt;one or more transitive dependencies&gt;] fehlt&quot;,
        &quot;jboss.deployment.unit.\&quot;test.war\&quot;.component.\&quot;org.apache.jasper.servlet.JspServlet\&quot;.WeldInstantiator [JBAS014861: &lt;one or more transitive dependencies&gt;] fehlt&quot;,
        &quot;jboss.deployment.unit.\&quot;test.war\&quot;.component.\&quot;org.apache.catalina.servlets.DefaultServlet\&quot;.WeldInstantiator [JBAS014861: &lt;one or more transitive dependencies&gt;] fehlt&quot;,
        &quot;jboss.deployment.unit.\&quot;test.war\&quot;.component.\&quot;javax.servlet.jsp.jstl.tlv.ScriptFreeTLV\&quot;.WeldInstantiator [JBAS014861: &lt;one or more transitive dependencies&gt;] fehlt&quot;,
        &quot;jboss.deployment.unit.\&quot;test.war\&quot;.component.ConferenceServiceImpl.WeldInstantiator [JBAS014861: &lt;one or more transitive dependencies&gt;] fehlt&quot;,
        &quot;jboss.deployment.unit.\&quot;test.war\&quot;.component.\&quot;org.jboss.as.weld.webtier.jsp.JspInitializationListener\&quot;.WeldInstantiator [JBAS014861: &lt;one or more transitive dependencies&gt;] fehlt&quot;,
        &quot;jboss.deployment.unit.\&quot;test.war\&quot;.component.\&quot;javax.faces.webapp.FacetTag\&quot;.WeldInstantiator [JBAS014861: &lt;one or more transitive dependencies&gt;] fehlt&quot;,
        &quot;jboss.deployment.unit.\&quot;test.war\&quot;.component.\&quot;org.jboss.arquillian.protocol.servlet.runner.ServletTestRunner\&quot;.WeldInstantiator [JBAS014861: &lt;one or more transitive dependencies&gt;] fehlt&quot;,
        &quot;jboss.deployment.unit.\&quot;test.war\&quot;.component.TalkServiceImpl.WeldInstantiator [JBAS014861: &lt;one or more transitive dependencies&gt;] fehlt&quot;,
        &quot;jboss.deployment.unit.\&quot;test.war\&quot;.component.\&quot;javax.servlet.jsp.jstl.tlv.ScriptFreeTLV\&quot;.START [JBAS014861: &lt;one or more transitive dependencies&gt;] fehlt&quot;,
        &quot;jboss.deployment.unit.\&quot;test.war\&quot;.component.\&quot;com.sun.faces.config.ConfigureListener\&quot;.WeldInstantiator [JBAS014861: &lt;one or more transitive dependencies&gt;] fehlt&quot;,
        &quot;jboss.deployment.unit.\&quot;test.war\&quot;.component.\&quot;org.jboss.arquillian.protocol.servlet.runner.ServletTestRunner\&quot;.START [JBAS014861: &lt;one or more transitive dependencies&gt;] fehlt&quot;,
        &quot;jboss.deployment.unit.\&quot;test.war\&quot;.component.MonitoringStartupBean.START [JBAS014861: &lt;one or more transitive dependencies&gt;] fehlt&quot;
    ]
}
	at org.jboss.as.controller.client.helpers.standalone.impl.ServerDeploymentPlanResultFuture.getActionResult(ServerDeploymentPlanResultFuture.java:134)
	at org.jboss.as.controller.client.helpers.standalone.impl.ServerDeploymentPlanResultFuture.getResultFromNode(ServerDeploymentPlanResultFuture.java:123)
	at org.jboss.as.controller.client.helpers.standalone.impl.ServerDeploymentPlanResultFuture.get(ServerDeploymentPlanResultFuture.java:85)
	at org.jboss.as.controller.client.helpers.standalone.impl.ServerDeploymentPlanResultFuture.get(ServerDeploymentPlanResultFuture.java:42)
	at org.jboss.as.controller.client.helpers.standalone.ServerDeploymentHelper.deploy(ServerDeploymentHelper.java:52)
	at org.jboss.as.arquillian.container.ArchiveDeployer.deployInternal(ArchiveDeployer.java:77)
	... 96 more
</error>
    <system-out>test.war:
/WEB-INF/
/WEB-INF/lib/
/WEB-INF/lib/jboss-jms-api_1.1_spec-1.0.1.Final.jar
/WEB-INF/lib/conference-core-SNAPSHOT.jar
/WEB-INF/beans.xml
/WEB-INF/classes/
/WEB-INF/classes/com/
/WEB-INF/classes/com/prodyna/
/WEB-INF/classes/com/prodyna/conference/
/WEB-INF/classes/com/prodyna/conference/service/
/WEB-INF/classes/com/prodyna/conference/service/RoomServiceImpl.class
/WEB-INF/classes/com/prodyna/conference/service/TalkService.class
/WEB-INF/classes/com/prodyna/conference/service/ConferenceServiceImpl.class
/WEB-INF/classes/com/prodyna/conference/service/ConferenceService.class
/WEB-INF/classes/com/prodyna/conference/service/SpeakerService.class
/WEB-INF/classes/com/prodyna/conference/service/TalkServiceImpl.class
/WEB-INF/classes/com/prodyna/conference/service/ConferenceTest.class
/WEB-INF/classes/com/prodyna/conference/service/RoomTest.class
/WEB-INF/classes/com/prodyna/conference/service/TalkTest.class
/WEB-INF/classes/com/prodyna/conference/service/SpeakerTest.class
/WEB-INF/classes/com/prodyna/conference/service/FindTalkBySpeakerTest.class
/WEB-INF/classes/com/prodyna/conference/service/RoomService.class
/WEB-INF/classes/com/prodyna/conference/service/SpeakerServiceImpl.class
/WEB-INF/classes/com/prodyna/conference/service/model/
/WEB-INF/classes/com/prodyna/conference/service/model/Room.class
/WEB-INF/classes/com/prodyna/conference/service/model/validation/
/WEB-INF/classes/com/prodyna/conference/service/model/validation/ValidTalk.class
/WEB-INF/classes/com/prodyna/conference/service/model/validation/ValidTalk$List.class
/WEB-INF/classes/com/prodyna/conference/service/model/validation/TalkValidator.class
/WEB-INF/classes/com/prodyna/conference/service/model/Speaker.class
/WEB-INF/classes/com/prodyna/conference/service/model/ConferenceDTO.class
/WEB-INF/classes/com/prodyna/conference/service/model/Talk.class
/WEB-INF/classes/com/prodyna/conference/service/model/Conference.class
/WEB-INF/classes/com/prodyna/conference/service/model/SpeakersForTalk.class
/WEB-INF/classes/com/prodyna/conference/service/model/TalkDTO.class
/WEB-INF/classes/META-INF/
/WEB-INF/classes/META-INF/persistence.xml
20:05:29,815 INFO  [org.jboss.as.repository] (management-handler-thread - 2) JBAS014900: Content an Speicherort g:\ARBEITSUMGEBUNG\SERVER\jboss-as-7.1.3.Final\standalone\data\content\6b\274a6f38aed3878d0358da58cf608789b1aff2\content hinzugefügt
20:05:29,818 INFO  [org.jboss.as.server.deployment] (MSC service thread 1-7) JBAS015876: Starte Deployment von &quot;test.war&quot;
20:05:30,033 INFO  [org.jboss.as.jpa] (MSC service thread 1-3) JBAS011401: Lese persistence.xml für primary
20:05:30,057 INFO  [org.jboss.weld.deployer] (MSC service thread 1-4) JBAS016002: Bearbeite Weld-Deployment test.war
20:05:30,058 INFO  [org.jboss.as.ejb3.deployment.processors.EjbJndiBindingsDeploymentUnitProcessor] (MSC service thread 1-4) JNDI bindings for session bean named ConferenceServiceImpl in deployment unit deployment &quot;test.war&quot; are as follows:

	java:global/test/ConferenceServiceImpl!com.prodyna.conference.service.ConferenceService
	java:app/test/ConferenceServiceImpl!com.prodyna.conference.service.ConferenceService
	java:module/ConferenceServiceImpl!com.prodyna.conference.service.ConferenceService
	java:global/test/ConferenceServiceImpl
	java:app/test/ConferenceServiceImpl
	java:module/ConferenceServiceImpl

20:05:30,059 INFO  [org.jboss.as.ejb3.deployment.processors.EjbJndiBindingsDeploymentUnitProcessor] (MSC service thread 1-4) JNDI bindings for session bean named MonitoringStartupBean in deployment unit deployment &quot;test.war&quot; are as follows:

	java:global/test/MonitoringStartupBean!com.prodyna.core.monitoring.MonitoringStartupBean
	java:app/test/MonitoringStartupBean!com.prodyna.core.monitoring.MonitoringStartupBean
	java:module/MonitoringStartupBean!com.prodyna.core.monitoring.MonitoringStartupBean
	java:global/test/MonitoringStartupBean
	java:app/test/MonitoringStartupBean
	java:module/MonitoringStartupBean

20:05:30,059 INFO  [org.jboss.as.ejb3.deployment.processors.EjbJndiBindingsDeploymentUnitProcessor] (MSC service thread 1-4) JNDI bindings for session bean named SpeakerServiceImpl in deployment unit deployment &quot;test.war&quot; are as follows:

	java:global/test/SpeakerServiceImpl!com.prodyna.conference.service.SpeakerService
	java:app/test/SpeakerServiceImpl!com.prodyna.conference.service.SpeakerService
	java:module/SpeakerServiceImpl!com.prodyna.conference.service.SpeakerService
	java:global/test/SpeakerServiceImpl
	java:app/test/SpeakerServiceImpl
	java:module/SpeakerServiceImpl

20:05:30,059 INFO  [org.jboss.as.ejb3.deployment.processors.EjbJndiBindingsDeploymentUnitProcessor] (MSC service thread 1-4) JNDI bindings for session bean named RoomServiceImpl in deployment unit deployment &quot;test.war&quot; are as follows:

	java:global/test/RoomServiceImpl!com.prodyna.conference.service.RoomService
	java:app/test/RoomServiceImpl!com.prodyna.conference.service.RoomService
	java:module/RoomServiceImpl!com.prodyna.conference.service.RoomService
	java:global/test/RoomServiceImpl
	java:app/test/RoomServiceImpl
	java:module/RoomServiceImpl

20:05:30,059 INFO  [org.jboss.as.ejb3.deployment.processors.EjbJndiBindingsDeploymentUnitProcessor] (MSC service thread 1-4) JNDI bindings for session bean named TalkServiceImpl in deployment unit deployment &quot;test.war&quot; are as follows:

	java:global/test/TalkServiceImpl!com.prodyna.conference.service.TalkService
	java:app/test/TalkServiceImpl!com.prodyna.conference.service.TalkService
	java:module/TalkServiceImpl!com.prodyna.conference.service.TalkService
	java:global/test/TalkServiceImpl
	java:app/test/TalkServiceImpl
	java:module/TalkServiceImpl

20:05:30,109 INFO  [org.jboss.weld.deployer] (MSC service thread 1-7) JBAS016005: Starte Dienste für CDI-Deployment: test.war
20:05:30,114 INFO  [org.jboss.as.osgi] (MSC service thread 1-3) JBAS011907: Registrierung von Modul: Module &quot;deployment.test.war:main&quot; from Service Module Loader
20:05:30,115 INFO  [org.jboss.as.jpa] (ServerService Thread Pool -- 27) JBAS011402: Starte Persistence Unit Dienst &apos;test.war#primary&apos;
20:05:30,117 INFO  [org.hibernate.ejb.Ejb3Configuration] (ServerService Thread Pool -- 27) HHH000204: Processing PersistenceUnitInfo [
	name: primary
	...]
20:05:30,144 INFO  [org.hibernate.service.jdbc.connections.internal.ConnectionProviderInitiator] (ServerService Thread Pool -- 27) HHH000130: Instantiating explicit connection provider: org.hibernate.ejb.connection.InjectedDataSourceConnectionProvider
20:05:30,152 INFO  [org.hibernate.dialect.Dialect] (ServerService Thread Pool -- 27) HHH000400: Using dialect: org.hibernate.dialect.MySQLDialect
20:05:30,153 INFO  [org.hibernate.engine.transaction.internal.TransactionFactoryInitiator] (ServerService Thread Pool -- 27) HHH000268: Transaction strategy: org.hibernate.engine.transaction.internal.jta.CMTTransactionFactory
20:05:30,153 INFO  [org.hibernate.hql.internal.ast.ASTQueryTranslatorFactory] (ServerService Thread Pool -- 27) HHH000397: Using ASTQueryTranslatorFactory
20:05:30,191 INFO  [org.hibernate.tool.hbm2ddl.SchemaExport] (ServerService Thread Pool -- 27) HHH000227: Running hbm2ddl schema export
20:05:30,192 INFO  [stdout] (ServerService Thread Pool -- 27) Hibernate: 
20:05:30,192 INFO  [stdout] (ServerService Thread Pool -- 27)     alter table conference_talk 
20:05:30,193 INFO  [stdout] (ServerService Thread Pool -- 27)         drop 
20:05:30,193 INFO  [stdout] (ServerService Thread Pool -- 27)         foreign key FKB9C79EF864438C9
20:05:30,193 ERROR [org.hibernate.tool.hbm2ddl.SchemaExport] (ServerService Thread Pool -- 27) HHH000389: Unsuccessful: alter table conference_talk drop foreign key FKB9C79EF864438C9
20:05:30,194 ERROR [org.hibernate.tool.hbm2ddl.SchemaExport] (ServerService Thread Pool -- 27) Table &apos;conference.conference_talk&apos; doesn&apos;t exist
20:05:30,194 INFO  [stdout] (ServerService Thread Pool -- 27) Hibernate: 
20:05:30,194 INFO  [stdout] (ServerService Thread Pool -- 27)     alter table conference_talk 
20:05:30,194 INFO  [stdout] (ServerService Thread Pool -- 27)         drop 
20:05:30,194 INFO  [stdout] (ServerService Thread Pool -- 27)         foreign key FKB9C79EFF40E9C4
20:05:30,195 ERROR [org.hibernate.tool.hbm2ddl.SchemaExport] (ServerService Thread Pool -- 27) HHH000389: Unsuccessful: alter table conference_talk drop foreign key FKB9C79EFF40E9C4
20:05:30,195 ERROR [org.hibernate.tool.hbm2ddl.SchemaExport] (ServerService Thread Pool -- 27) Table &apos;conference.conference_talk&apos; doesn&apos;t exist
20:05:30,195 INFO  [stdout] (ServerService Thread Pool -- 27) Hibernate: 
20:05:30,195 INFO  [stdout] (ServerService Thread Pool -- 27)     alter table speaker_talk 
20:05:30,196 INFO  [stdout] (ServerService Thread Pool -- 27)         drop 
20:05:30,196 INFO  [stdout] (ServerService Thread Pool -- 27)         foreign key FK39AFB4EC864438C9
20:05:30,196 ERROR [org.hibernate.tool.hbm2ddl.SchemaExport] (ServerService Thread Pool -- 27) HHH000389: Unsuccessful: alter table speaker_talk drop foreign key FK39AFB4EC864438C9
20:05:30,196 ERROR [org.hibernate.tool.hbm2ddl.SchemaExport] (ServerService Thread Pool -- 27) Table &apos;conference.speaker_talk&apos; doesn&apos;t exist
20:05:30,197 INFO  [stdout] (ServerService Thread Pool -- 27) Hibernate: 
20:05:30,197 INFO  [stdout] (ServerService Thread Pool -- 27)     alter table speaker_talk 
20:05:30,197 INFO  [stdout] (ServerService Thread Pool -- 27)         drop 
20:05:30,197 INFO  [stdout] (ServerService Thread Pool -- 27)         foreign key FK39AFB4EC94C61C10
20:05:30,198 ERROR [org.hibernate.tool.hbm2ddl.SchemaExport] (ServerService Thread Pool -- 27) HHH000389: Unsuccessful: alter table speaker_talk drop foreign key FK39AFB4EC94C61C10
20:05:30,198 ERROR [org.hibernate.tool.hbm2ddl.SchemaExport] (ServerService Thread Pool -- 27) Table &apos;conference.speaker_talk&apos; doesn&apos;t exist
20:05:30,198 INFO  [stdout] (ServerService Thread Pool -- 27) Hibernate: 
20:05:30,198 INFO  [stdout] (ServerService Thread Pool -- 27)     alter table speakersfortalk_speaker 
20:05:30,198 INFO  [stdout] (ServerService Thread Pool -- 27)         drop 
20:05:30,199 INFO  [stdout] (ServerService Thread Pool -- 27)         foreign key FKA5E9A3E1A3A97F9B
20:05:30,199 ERROR [org.hibernate.tool.hbm2ddl.SchemaExport] (ServerService Thread Pool -- 27) HHH000389: Unsuccessful: alter table speakersfortalk_speaker drop foreign key FKA5E9A3E1A3A97F9B
20:05:30,200 ERROR [org.hibernate.tool.hbm2ddl.SchemaExport] (ServerService Thread Pool -- 27) Table &apos;conference.speakersfortalk_speaker&apos; doesn&apos;t exist
20:05:30,200 INFO  [stdout] (ServerService Thread Pool -- 27) Hibernate: 
20:05:30,200 INFO  [stdout] (ServerService Thread Pool -- 27)     alter table speakersfortalk_speaker 
20:05:30,200 INFO  [stdout] (ServerService Thread Pool -- 27)         drop 
20:05:30,200 INFO  [stdout] (ServerService Thread Pool -- 27)         foreign key FKA5E9A3E11E59C6D0
20:05:30,201 ERROR [org.hibernate.tool.hbm2ddl.SchemaExport] (ServerService Thread Pool -- 27) HHH000389: Unsuccessful: alter table speakersfortalk_speaker drop foreign key FKA5E9A3E11E59C6D0
20:05:30,202 ERROR [org.hibernate.tool.hbm2ddl.SchemaExport] (ServerService Thread Pool -- 27) Table &apos;conference.speakersfortalk_speaker&apos; doesn&apos;t exist
20:05:30,202 INFO  [stdout] (ServerService Thread Pool -- 27) Hibernate: 
20:05:30,202 INFO  [stdout] (ServerService Thread Pool -- 27)     alter table talk 
20:05:30,202 INFO  [stdout] (ServerService Thread Pool -- 27)         drop 
20:05:30,202 INFO  [stdout] (ServerService Thread Pool -- 27)         foreign key FK3634ACFCD94CE4
20:05:30,203 ERROR [org.hibernate.tool.hbm2ddl.SchemaExport] (ServerService Thread Pool -- 27) HHH000389: Unsuccessful: alter table talk drop foreign key FK3634ACFCD94CE4
20:05:30,203 ERROR [org.hibernate.tool.hbm2ddl.SchemaExport] (ServerService Thread Pool -- 27) Table &apos;conference.talk&apos; doesn&apos;t exist
20:05:30,203 INFO  [stdout] (ServerService Thread Pool -- 27) Hibernate: 
20:05:30,203 INFO  [stdout] (ServerService Thread Pool -- 27)     drop table if exists conference
20:05:30,205 INFO  [stdout] (ServerService Thread Pool -- 27) Hibernate: 
20:05:30,205 INFO  [stdout] (ServerService Thread Pool -- 27)     drop table if exists conference_talk
20:05:30,206 INFO  [stdout] (ServerService Thread Pool -- 27) Hibernate: 
20:05:30,206 INFO  [stdout] (ServerService Thread Pool -- 27)     drop table if exists room
20:05:30,207 INFO  [stdout] (ServerService Thread Pool -- 27) Hibernate: 
20:05:30,207 INFO  [stdout] (ServerService Thread Pool -- 27)     drop table if exists speaker
20:05:30,208 INFO  [stdout] (ServerService Thread Pool -- 27) Hibernate: 
20:05:30,209 INFO  [stdout] (ServerService Thread Pool -- 27)     drop table if exists speaker_talk
20:05:30,210 INFO  [stdout] (ServerService Thread Pool -- 27) Hibernate: 
20:05:30,210 INFO  [stdout] (ServerService Thread Pool -- 27)     drop table if exists speakersfortalk
20:05:30,211 INFO  [stdout] (ServerService Thread Pool -- 27) Hibernate: 
20:05:30,212 INFO  [stdout] (ServerService Thread Pool -- 27)     drop table if exists speakersfortalk_speaker
20:05:30,213 INFO  [stdout] (ServerService Thread Pool -- 27) Hibernate: 
20:05:30,213 INFO  [stdout] (ServerService Thread Pool -- 27)     drop table if exists talk
20:05:30,214 INFO  [stdout] (ServerService Thread Pool -- 27) Hibernate: 
20:05:30,214 INFO  [stdout] (ServerService Thread Pool -- 27)     drop table if exists hibernate_sequence
20:05:30,215 INFO  [stdout] (ServerService Thread Pool -- 27) Hibernate: 
20:05:30,215 INFO  [stdout] (ServerService Thread Pool -- 27)     create table conference (
20:05:30,215 INFO  [stdout] (ServerService Thread Pool -- 27)         id bigint not null,
20:05:30,215 INFO  [stdout] (ServerService Thread Pool -- 27)         description varchar(255) not null,
20:05:30,215 INFO  [stdout] (ServerService Thread Pool -- 27)         end date not null,
20:05:30,215 INFO  [stdout] (ServerService Thread Pool -- 27)         name varchar(255) not null,
20:05:30,215 INFO  [stdout] (ServerService Thread Pool -- 27)         start date not null,
20:05:30,216 INFO  [stdout] (ServerService Thread Pool -- 27)         updateTimeStamp datetime,
20:05:30,216 INFO  [stdout] (ServerService Thread Pool -- 27)         primary key (id)
20:05:30,216 INFO  [stdout] (ServerService Thread Pool -- 27)     )
20:05:30,230 INFO  [stdout] (ServerService Thread Pool -- 27) Hibernate: 
20:05:30,230 INFO  [stdout] (ServerService Thread Pool -- 27)     create table conference_talk (
20:05:30,230 INFO  [stdout] (ServerService Thread Pool -- 27)         conference_id bigint not null,
20:05:30,230 INFO  [stdout] (ServerService Thread Pool -- 27)         talks_id bigint not null,
20:05:30,230 INFO  [stdout] (ServerService Thread Pool -- 27)         primary key (conference_id, talks_id),
20:05:30,231 INFO  [stdout] (ServerService Thread Pool -- 27)         unique (talks_id)
20:05:30,231 INFO  [stdout] (ServerService Thread Pool -- 27)     )
20:05:30,245 INFO  [stdout] (ServerService Thread Pool -- 27) Hibernate: 
20:05:30,245 INFO  [stdout] (ServerService Thread Pool -- 27)     create table room (
20:05:30,245 INFO  [stdout] (ServerService Thread Pool -- 27)         id bigint not null,
20:05:30,245 INFO  [stdout] (ServerService Thread Pool -- 27)         capacity integer not null check (capacity&gt;=1),
20:05:30,245 INFO  [stdout] (ServerService Thread Pool -- 27)         name varchar(255) not null,
20:05:30,246 INFO  [stdout] (ServerService Thread Pool -- 27)         updateTimeStamp datetime,
20:05:30,246 INFO  [stdout] (ServerService Thread Pool -- 27)         primary key (id)
20:05:30,246 INFO  [stdout] (ServerService Thread Pool -- 27)     )
20:05:30,258 INFO  [stdout] (ServerService Thread Pool -- 27) Hibernate: 
20:05:30,258 INFO  [stdout] (ServerService Thread Pool -- 27)     create table speaker (
20:05:30,258 INFO  [stdout] (ServerService Thread Pool -- 27)         id bigint not null,
20:05:30,259 INFO  [stdout] (ServerService Thread Pool -- 27)         email varchar(255) not null,
20:05:30,259 INFO  [stdout] (ServerService Thread Pool -- 27)         firstname varchar(255) not null,
20:05:30,259 INFO  [stdout] (ServerService Thread Pool -- 27)         name varchar(255) not null,
20:05:30,259 INFO  [stdout] (ServerService Thread Pool -- 27)         updateTimeStamp datetime,
20:05:30,259 INFO  [stdout] (ServerService Thread Pool -- 27)         primary key (id),
20:05:30,259 INFO  [stdout] (ServerService Thread Pool -- 27)         unique (email)
20:05:30,259 INFO  [stdout] (ServerService Thread Pool -- 27)     )
20:05:30,274 INFO  [stdout] (ServerService Thread Pool -- 27) Hibernate: 
20:05:30,274 INFO  [stdout] (ServerService Thread Pool -- 27)     create table speaker_talk (
20:05:30,274 INFO  [stdout] (ServerService Thread Pool -- 27)         speaker_id bigint not null,
20:05:30,274 INFO  [stdout] (ServerService Thread Pool -- 27)         talks_id bigint not null
20:05:30,275 INFO  [stdout] (ServerService Thread Pool -- 27)     )
20:05:30,287 INFO  [stdout] (ServerService Thread Pool -- 27) Hibernate: 
20:05:30,287 INFO  [stdout] (ServerService Thread Pool -- 27)     create table speakersfortalk (
20:05:30,288 INFO  [stdout] (ServerService Thread Pool -- 27)         id bigint not null,
20:05:30,288 INFO  [stdout] (ServerService Thread Pool -- 27)         primary key (id)
20:05:30,288 INFO  [stdout] (ServerService Thread Pool -- 27)     )
20:05:30,303 INFO  [stdout] (ServerService Thread Pool -- 27) Hibernate: 
20:05:30,303 INFO  [stdout] (ServerService Thread Pool -- 27)     create table speakersfortalk_speaker (
20:05:30,303 INFO  [stdout] (ServerService Thread Pool -- 27)         speakersfortalk_id bigint not null,
20:05:30,303 INFO  [stdout] (ServerService Thread Pool -- 27)         speakers_id bigint not null,
20:05:30,304 INFO  [stdout] (ServerService Thread Pool -- 27)         primary key (speakersfortalk_id, speakers_id)
20:05:30,304 INFO  [stdout] (ServerService Thread Pool -- 27)     )
20:05:30,317 INFO  [stdout] (ServerService Thread Pool -- 27) Hibernate: 
20:05:30,318 INFO  [stdout] (ServerService Thread Pool -- 27)     create table talk (
20:05:30,318 INFO  [stdout] (ServerService Thread Pool -- 27)         id bigint not null,
20:05:30,318 INFO  [stdout] (ServerService Thread Pool -- 27)         description varchar(255) not null,
20:05:30,318 INFO  [stdout] (ServerService Thread Pool -- 27)         durationInMinutes bigint not null check (durationInMinutes&gt;=1),
20:05:30,318 INFO  [stdout] (ServerService Thread Pool -- 27)         end time not null,
20:05:30,318 INFO  [stdout] (ServerService Thread Pool -- 27)         name varchar(255) not null,
20:05:30,318 INFO  [stdout] (ServerService Thread Pool -- 27)         start time not null,
20:05:30,318 INFO  [stdout] (ServerService Thread Pool -- 27)         updateTimeStamp datetime,
20:05:30,318 INFO  [stdout] (ServerService Thread Pool -- 27)         room_id bigint not null,
20:05:30,318 INFO  [stdout] (ServerService Thread Pool -- 27)         primary key (id)
20:05:30,318 INFO  [stdout] (ServerService Thread Pool -- 27)     )
20:05:30,330 INFO  [stdout] (ServerService Thread Pool -- 27) Hibernate: 
20:05:30,330 INFO  [stdout] (ServerService Thread Pool -- 27)     alter table conference_talk 
20:05:30,331 INFO  [stdout] (ServerService Thread Pool -- 27)         add index FKB9C79EF864438C9 (talks_id), 
20:05:30,331 INFO  [stdout] (ServerService Thread Pool -- 27)         add constraint FKB9C79EF864438C9 
20:05:30,331 INFO  [stdout] (ServerService Thread Pool -- 27)         foreign key (talks_id) 
20:05:30,331 INFO  [stdout] (ServerService Thread Pool -- 27)         references talk (id)
20:05:30,356 INFO  [stdout] (ServerService Thread Pool -- 27) Hibernate: 
20:05:30,356 INFO  [stdout] (ServerService Thread Pool -- 27)     alter table conference_talk 
20:05:30,356 INFO  [stdout] (ServerService Thread Pool -- 27)         add index FKB9C79EFF40E9C4 (conference_id), 
20:05:30,356 INFO  [stdout] (ServerService Thread Pool -- 27)         add constraint FKB9C79EFF40E9C4 
20:05:30,357 INFO  [stdout] (ServerService Thread Pool -- 27)         foreign key (conference_id) 
20:05:30,357 INFO  [stdout] (ServerService Thread Pool -- 27)         references conference (id)
20:05:30,384 INFO  [stdout] (ServerService Thread Pool -- 27) Hibernate: 
20:05:30,384 INFO  [stdout] (ServerService Thread Pool -- 27)     alter table speaker_talk 
20:05:30,384 INFO  [stdout] (ServerService Thread Pool -- 27)         add index FK39AFB4EC864438C9 (talks_id), 
20:05:30,384 INFO  [stdout] (ServerService Thread Pool -- 27)         add constraint FK39AFB4EC864438C9 
20:05:30,384 INFO  [stdout] (ServerService Thread Pool -- 27)         foreign key (talks_id) 
20:05:30,384 INFO  [stdout] (ServerService Thread Pool -- 27)         references talk (id)
20:05:30,404 INFO  [stdout] (ServerService Thread Pool -- 27) Hibernate: 
20:05:30,404 INFO  [stdout] (ServerService Thread Pool -- 27)     alter table speaker_talk 
20:05:30,404 INFO  [stdout] (ServerService Thread Pool -- 27)         add index FK39AFB4EC94C61C10 (speaker_id), 
20:05:30,404 INFO  [stdout] (ServerService Thread Pool -- 27)         add constraint FK39AFB4EC94C61C10 
20:05:30,404 INFO  [stdout] (ServerService Thread Pool -- 27)         foreign key (speaker_id) 
20:05:30,405 INFO  [stdout] (ServerService Thread Pool -- 27)         references speaker (id)
20:05:30,431 INFO  [stdout] (ServerService Thread Pool -- 27) Hibernate: 
20:05:30,431 INFO  [stdout] (ServerService Thread Pool -- 27)     alter table speakersfortalk_speaker 
20:05:30,431 INFO  [stdout] (ServerService Thread Pool -- 27)         add index FKA5E9A3E1A3A97F9B (speakers_id), 
20:05:30,431 INFO  [stdout] (ServerService Thread Pool -- 27)         add constraint FKA5E9A3E1A3A97F9B 
20:05:30,431 INFO  [stdout] (ServerService Thread Pool -- 27)         foreign key (speakers_id) 
20:05:30,431 INFO  [stdout] (ServerService Thread Pool -- 27)         references speaker (id)
20:05:30,454 INFO  [stdout] (ServerService Thread Pool -- 27) Hibernate: 
20:05:30,454 INFO  [stdout] (ServerService Thread Pool -- 27)     alter table speakersfortalk_speaker 
20:05:30,454 INFO  [stdout] (ServerService Thread Pool -- 27)         add index FKA5E9A3E11E59C6D0 (speakersfortalk_id), 
20:05:30,454 INFO  [stdout] (ServerService Thread Pool -- 27)         add constraint FKA5E9A3E11E59C6D0 
20:05:30,454 INFO  [stdout] (ServerService Thread Pool -- 27)         foreign key (speakersfortalk_id) 
20:05:30,454 INFO  [stdout] (ServerService Thread Pool -- 27)         references speakersfortalk (id)
20:05:30,480 INFO  [stdout] (ServerService Thread Pool -- 27) Hibernate: 
20:05:30,480 INFO  [stdout] (ServerService Thread Pool -- 27)     alter table talk 
20:05:30,480 INFO  [stdout] (ServerService Thread Pool -- 27)         add index FK3634ACFCD94CE4 (room_id), 
20:05:30,480 INFO  [stdout] (ServerService Thread Pool -- 27)         add constraint FK3634ACFCD94CE4 
20:05:30,480 INFO  [stdout] (ServerService Thread Pool -- 27)         foreign key (room_id) 
20:05:30,480 INFO  [stdout] (ServerService Thread Pool -- 27)         references room (id)
20:05:30,502 INFO  [stdout] (ServerService Thread Pool -- 27) Hibernate: 
20:05:30,502 INFO  [stdout] (ServerService Thread Pool -- 27)     create table hibernate_sequence (
20:05:30,503 INFO  [stdout] (ServerService Thread Pool -- 27)          next_val bigint 
20:05:30,504 INFO  [stdout] (ServerService Thread Pool -- 27)     )
20:05:30,517 INFO  [stdout] (ServerService Thread Pool -- 27) Hibernate: 
20:05:30,518 INFO  [stdout] (ServerService Thread Pool -- 27)     insert into hibernate_sequence values ( 100 )
20:05:30,519 INFO  [org.hibernate.tool.hbm2ddl.SchemaExport] (ServerService Thread Pool -- 27) HHH000230: Schema export complete
20:05:30,524 INFO  [org.jboss.weld.deployer] (MSC service thread 1-7) JBAS016008: Starte Weld-Dienst für Deployment test.war
20:05:30,648 ERROR [org.jboss.msc.service.fail] (MSC service thread 1-7) MSC00001: Failed to start service jboss.deployment.unit.&quot;test.war&quot;.WeldService: org.jboss.msc.service.StartException in service jboss.deployment.unit.&quot;test.war&quot;.WeldService: org.jboss.weld.exceptions.DeploymentException: WELD-001409 Ambiguous dependencies for type [PerformanceMXBean] with qualifiers [@Default] at injection point [[field] @Inject private com.prodyna.conference.core.event.PerformanceObserver.performanceMgmtBean]. Possible dependencies [[Managed Bean [class com.prodyna.core.monitoring.Performance] with qualifiers [@Any @Default], Producer Method [PerformanceMXBean] with qualifiers [@Any @Default] declared as [[method] @Produces public com.prodyna.conference.core.util.MBeanProducer.producePerformanceMgmtBean()]]]
	at org.jboss.as.weld.services.WeldService.start(WeldService.java:83)
	at org.jboss.msc.service.ServiceControllerImpl$StartTask.startService(ServiceControllerImpl.java:1811) [jboss-msc-1.0.2.GA.jar:1.0.2.GA]
	at org.jboss.msc.service.ServiceControllerImpl$StartTask.run(ServiceControllerImpl.java:1746) [jboss-msc-1.0.2.GA.jar:1.0.2.GA]
	at java.util.concurrent.ThreadPoolExecutor.runWorker(ThreadPoolExecutor.java:1145) [rt.jar:1.7.0_40]
	at java.util.concurrent.ThreadPoolExecutor$Worker.run(ThreadPoolExecutor.java:615) [rt.jar:1.7.0_40]
	at java.lang.Thread.run(Thread.java:724) [rt.jar:1.7.0_40]
Caused by: org.jboss.weld.exceptions.DeploymentException: WELD-001409 Ambiguous dependencies for type [PerformanceMXBean] with qualifiers [@Default] at injection point [[field] @Inject private com.prodyna.conference.core.event.PerformanceObserver.performanceMgmtBean]. Possible dependencies [[Managed Bean [class com.prodyna.core.monitoring.Performance] with qualifiers [@Any @Default], Producer Method [PerformanceMXBean] with qualifiers [@Any @Default] declared as [[method] @Produces public com.prodyna.conference.core.util.MBeanProducer.producePerformanceMgmtBean()]]]
	at org.jboss.weld.bootstrap.Validator.validateInjectionPoint(Validator.java:314)
	at org.jboss.weld.bootstrap.Validator.validateInjectionPoint(Validator.java:280)
	at org.jboss.weld.bootstrap.Validator.validateBean(Validator.java:143)
	at org.jboss.weld.bootstrap.Validator.validateRIBean(Validator.java:163)
	at org.jboss.weld.bootstrap.Validator.validateBeans(Validator.java:382)
	at org.jboss.weld.bootstrap.Validator.validateDeployment(Validator.java:367)
	at org.jboss.weld.bootstrap.WeldBootstrap.validateBeans(WeldBootstrap.java:380)
	at org.jboss.as.weld.WeldContainer.start(WeldContainer.java:83)
	at org.jboss.as.weld.services.WeldService.start(WeldService.java:76)
	... 5 more

20:05:30,852 INFO  [org.jboss.as.server] (management-handler-thread - 2) JBAS015870: Deploy von Deployment &quot;test.war&quot; wurde mit Fehlermeldung {&quot;JBAS014671: Fehlgeschlagene Dienste&quot; =&gt; {&quot;jboss.deployment.unit.\&quot;test.war\&quot;.WeldService&quot; =&gt; &quot;org.jboss.msc.service.StartException in service jboss.deployment.unit.\&quot;test.war\&quot;.WeldService: org.jboss.weld.exceptions.DeploymentException: WELD-001409 Ambiguous dependencies for type [PerformanceMXBean] with qualifiers [@Default] at injection point [[field] @Inject private com.prodyna.conference.core.event.PerformanceObserver.performanceMgmtBean]. Possible dependencies [[Managed Bean [class com.prodyna.core.monitoring.Performance] with qualifiers [@Any @Default], Producer Method [PerformanceMXBean] with qualifiers [@Any @Default] declared as [[method] @Produces public com.prodyna.conference.core.util.MBeanProducer.producePerformanceMgmtBean()]]]
    Caused by: org.jboss.weld.exceptions.DeploymentException: WELD-001409 Ambiguous dependencies for type [PerformanceMXBean] with qualifiers [@Default] at injection point [[field] @Inject private com.prodyna.conference.core.event.PerformanceObserver.performanceMgmtBean]. Possible dependencies [[Managed Bean [class com.prodyna.core.monitoring.Performance] with qualifiers [@Any @Default], Producer Method [PerformanceMXBean] with qualifiers [@Any @Default] declared as [[method] @Produces public com.prodyna.conference.core.util.MBeanProducer.producePerformanceMgmtBean()]]]&quot;},&quot;JBAS014771: Dienste mit fehlenden/unverfügbaren Abhängigkeiten &quot; =&gt; [&quot;jboss.deployment.unit.\&quot;test.war\&quot;.component.MonitoringStartupBean.WeldInstantiator [JBAS014861: &lt;one or more transitive dependencies&gt;] fehlt&quot;,&quot;jboss.web.deployment.default-host./test [JBAS014861: &lt;one or more transitive dependencies&gt;] fehlt&quot;,&quot;jboss.deployment.unit.\&quot;test.war\&quot;.beanmanager [JBAS014861: &lt;one or more transitive dependencies&gt;] fehlt&quot;,&quot;jboss.deployment.unit.\&quot;test.war\&quot;.component.RoomServiceImpl.WeldInstantiator [JBAS014861: &lt;one or more transitive dependencies&gt;] fehlt&quot;,&quot;jboss.deployment.unit.\&quot;test.war\&quot;.component.SpeakerServiceImpl.START [JBAS014861: &lt;one or more transitive dependencies&gt;] fehlt&quot;,&quot;jboss.deployment.unit.\&quot;test.war\&quot;.component.RoomServiceImpl.START [JBAS014861: &lt;one or more transitive dependencies&gt;] fehlt&quot;,&quot;jboss.deployment.unit.\&quot;test.war\&quot;.component.ConferenceServiceImpl.START [JBAS014861: &lt;one or more transitive dependencies&gt;] fehlt&quot;,&quot;jboss.deployment.unit.\&quot;test.war\&quot;.component.\&quot;javax.servlet.jsp.jstl.tlv.PermittedTaglibsTLV\&quot;.START [JBAS014861: &lt;one or more transitive dependencies&gt;] fehlt&quot;,&quot;jboss.deployment.unit.\&quot;test.war\&quot;.component.\&quot;javax.servlet.jsp.jstl.tlv.PermittedTaglibsTLV\&quot;.WeldInstantiator [JBAS014861: &lt;one or more transitive dependencies&gt;] fehlt&quot;,&quot;jboss.deployment.unit.\&quot;test.war\&quot;.component.\&quot;org.apache.catalina.servlets.DefaultServlet\&quot;.START [JBAS014861: &lt;one or more transitive dependencies&gt;] fehlt&quot;,&quot;jboss.deployment.unit.\&quot;test.war\&quot;.component.\&quot;org.apache.jasper.servlet.JspServlet\&quot;.START [JBAS014861: &lt;one or more transitive dependencies&gt;] fehlt&quot;,&quot;jboss.deployment.unit.\&quot;test.war\&quot;.component.SpeakerServiceImpl.WeldInstantiator [JBAS014861: &lt;one or more transitive dependencies&gt;] fehlt&quot;,&quot;jboss.deployment.unit.\&quot;test.war\&quot;.component.\&quot;com.sun.faces.config.ConfigureListener\&quot;.START [JBAS014861: &lt;one or more transitive dependencies&gt;] fehlt&quot;,&quot;jboss.deployment.unit.\&quot;test.war\&quot;.jboss.security.jacc [JBAS014861: &lt;one or more transitive dependencies&gt;] fehlt&quot;,&quot;jboss.deployment.unit.\&quot;test.war\&quot;.component.\&quot;org.jboss.as.weld.webtier.jsp.JspInitializationListener\&quot;.START [JBAS014861: &lt;one or more transitive dependencies&gt;] fehlt&quot;,&quot;jboss.deployment.unit.\&quot;test.war\&quot;.component.TalkServiceImpl.START [JBAS014861: &lt;one or more transitive dependencies&gt;] fehlt&quot;,&quot;jboss.deployment.unit.\&quot;test.war\&quot;.component.\&quot;javax.faces.webapp.FacetTag\&quot;.START [JBAS014861: &lt;one or more transitive dependencies&gt;] fehlt&quot;,&quot;jboss.deployment.unit.\&quot;test.war\&quot;.component.\&quot;org.apache.jasper.servlet.JspServlet\&quot;.WeldInstantiator [JBAS014861: &lt;one or more transitive dependencies&gt;] fehlt&quot;,&quot;jboss.deployment.unit.\&quot;test.war\&quot;.component.\&quot;org.apache.catalina.servlets.DefaultServlet\&quot;.WeldInstantiator [JBAS014861: &lt;one or more transitive dependencies&gt;] fehlt&quot;,&quot;jboss.deployment.unit.\&quot;test.war\&quot;.component.\&quot;javax.servlet.jsp.jstl.tlv.ScriptFreeTLV\&quot;.WeldInstantiator [JBAS014861: &lt;one or more transitive dependencies&gt;] fehlt&quot;,&quot;jboss.deployment.unit.\&quot;test.war\&quot;.component.ConferenceServiceImpl.WeldInstantiator [JBAS014861: &lt;one or more transitive dependencies&gt;] fehlt&quot;,&quot;jboss.deployment.unit.\&quot;test.war\&quot;.component.\&quot;org.jboss.as.weld.webtier.jsp.JspInitializationListener\&quot;.WeldInstantiator [JBAS014861: &lt;one or more transitive dependencies&gt;] fehlt&quot;,&quot;jboss.deployment.unit.\&quot;test.war\&quot;.component.\&quot;javax.faces.webapp.FacetTag\&quot;.WeldInstantiator [JBAS014861: &lt;one or more transitive dependencies&gt;] fehlt&quot;,&quot;jboss.deployment.unit.\&quot;test.war\&quot;.component.\&quot;org.jboss.arquillian.protocol.servlet.runner.ServletTestRunner\&quot;.WeldInstantiator [JBAS014861: &lt;one or more transitive dependencies&gt;] fehlt&quot;,&quot;jboss.deployment.unit.\&quot;test.war\&quot;.component.TalkServiceImpl.WeldInstantiator [JBAS014861: &lt;one or more transitive dependencies&gt;] fehlt&quot;,&quot;jboss.deployment.unit.\&quot;test.war\&quot;.component.\&quot;javax.servlet.jsp.jstl.tlv.ScriptFreeTLV\&quot;.START [JBAS014861: &lt;one or more transitive dependencies&gt;] fehlt&quot;,&quot;jboss.deployment.unit.\&quot;test.war\&quot;.component.\&quot;com.sun.faces.config.ConfigureListener\&quot;.WeldInstantiator [JBAS014861: &lt;one or more transitive dependencies&gt;] fehlt&quot;,&quot;jboss.deployment.unit.\&quot;test.war\&quot;.component.\&quot;org.jboss.arquillian.protocol.servlet.runner.ServletTestRunner\&quot;.START [JBAS014861: &lt;one or more transitive dependencies&gt;] fehlt&quot;,&quot;jboss.deployment.unit.\&quot;test.war\&quot;.component.MonitoringStartupBean.START [JBAS014861: &lt;one or more transitive dependencies&gt;] fehlt&quot;]} zurückgesetzt
20:05:30,857 INFO  [org.jboss.as.jpa] (ServerService Thread Pool -- 27) JBAS011403: Stoppe Persistence Unit Dienst &apos;test.war#primary&apos;
20:05:30,858 INFO  [org.hibernate.tool.hbm2ddl.SchemaExport] (ServerService Thread Pool -- 27) HHH000227: Running hbm2ddl schema export
20:05:30,859 INFO  [stdout] (ServerService Thread Pool -- 27) Hibernate: 
20:05:30,859 INFO  [stdout] (ServerService Thread Pool -- 27)     alter table conference_talk 
20:05:30,859 INFO  [stdout] (ServerService Thread Pool -- 27)         drop 
20:05:30,859 INFO  [stdout] (ServerService Thread Pool -- 27)         foreign key FKB9C79EF864438C9
20:05:30,860 INFO  [org.jboss.as.osgi] (MSC service thread 1-1) JBAS011908: Deregistrierung von Modul: Module &quot;deployment.test.war:main&quot; from Service Module Loader
20:05:30,871 INFO  [stdout] (ServerService Thread Pool -- 27) Hibernate: 
20:05:30,871 INFO  [stdout] (ServerService Thread Pool -- 27)     alter table conference_talk 
20:05:30,871 INFO  [stdout] (ServerService Thread Pool -- 27)         drop 
20:05:30,871 INFO  [stdout] (ServerService Thread Pool -- 27)         foreign key FKB9C79EFF40E9C4
20:05:30,878 INFO  [stdout] (ServerService Thread Pool -- 27) Hibernate: 
20:05:30,878 INFO  [stdout] (ServerService Thread Pool -- 27)     alter table speaker_talk 
20:05:30,878 INFO  [stdout] (ServerService Thread Pool -- 27)         drop 
20:05:30,878 INFO  [stdout] (ServerService Thread Pool -- 27)         foreign key FK39AFB4EC864438C9
20:05:30,888 INFO  [stdout] (ServerService Thread Pool -- 27) Hibernate: 
20:05:30,888 INFO  [stdout] (ServerService Thread Pool -- 27)     alter table speaker_talk 
20:05:30,888 INFO  [stdout] (ServerService Thread Pool -- 27)         drop 
20:05:30,888 INFO  [stdout] (ServerService Thread Pool -- 27)         foreign key FK39AFB4EC94C61C10
20:05:30,894 INFO  [stdout] (ServerService Thread Pool -- 27) Hibernate: 
20:05:30,894 INFO  [stdout] (ServerService Thread Pool -- 27)     alter table speakersfortalk_speaker 
20:05:30,894 INFO  [stdout] (ServerService Thread Pool -- 27)         drop 
20:05:30,894 INFO  [stdout] (ServerService Thread Pool -- 27)         foreign key FKA5E9A3E1A3A97F9B
20:05:30,905 INFO  [stdout] (ServerService Thread Pool -- 27) Hibernate: 
20:05:30,905 INFO  [stdout] (ServerService Thread Pool -- 27)     alter table speakersfortalk_speaker 
20:05:30,905 INFO  [stdout] (ServerService Thread Pool -- 27)         drop 
20:05:30,905 INFO  [stdout] (ServerService Thread Pool -- 27)         foreign key FKA5E9A3E11E59C6D0
20:05:30,912 INFO  [stdout] (ServerService Thread Pool -- 27) Hibernate: 
20:05:30,912 INFO  [stdout] (ServerService Thread Pool -- 27)     alter table talk 
20:05:30,912 INFO  [stdout] (ServerService Thread Pool -- 27)         drop 
20:05:30,913 INFO  [stdout] (ServerService Thread Pool -- 27)         foreign key FK3634ACFCD94CE4
20:05:30,920 INFO  [stdout] (ServerService Thread Pool -- 27) Hibernate: 
20:05:30,920 INFO  [stdout] (ServerService Thread Pool -- 27)     drop table if exists conference
20:05:30,929 INFO  [stdout] (ServerService Thread Pool -- 27) Hibernate: 
20:05:30,929 INFO  [stdout] (ServerService Thread Pool -- 27)     drop table if exists conference_talk
20:05:30,934 INFO  [stdout] (ServerService Thread Pool -- 27) Hibernate: 
20:05:30,934 INFO  [stdout] (ServerService Thread Pool -- 27)     drop table if exists room
20:05:30,938 INFO  [stdout] (ServerService Thread Pool -- 27) Hibernate: 
20:05:30,938 INFO  [stdout] (ServerService Thread Pool -- 27)     drop table if exists speaker
20:05:30,942 INFO  [stdout] (ServerService Thread Pool -- 27) Hibernate: 
20:05:30,942 INFO  [stdout] (ServerService Thread Pool -- 27)     drop table if exists speaker_talk
20:05:30,945 INFO  [stdout] (ServerService Thread Pool -- 27) Hibernate: 
20:05:30,946 INFO  [stdout] (ServerService Thread Pool -- 27)     drop table if exists speakersfortalk
20:05:30,949 INFO  [stdout] (ServerService Thread Pool -- 27) Hibernate: 
20:05:30,949 INFO  [stdout] (ServerService Thread Pool -- 27)     drop table if exists speakersfortalk_speaker
20:05:30,951 INFO  [stdout] (ServerService Thread Pool -- 27) Hibernate: 
20:05:30,952 INFO  [stdout] (ServerService Thread Pool -- 27)     drop table if exists talk
20:05:30,954 INFO  [stdout] (ServerService Thread Pool -- 27) Hibernate: 
20:05:30,954 INFO  [stdout] (ServerService Thread Pool -- 27)     drop table if exists hibernate_sequence
20:05:30,957 INFO  [org.hibernate.tool.hbm2ddl.SchemaExport] (ServerService Thread Pool -- 27) HHH000230: Schema export complete
20:05:30,979 INFO  [org.jboss.as.server.deployment] (MSC service thread 1-7) JBAS015877: Deployment von test.war in 126ms gestoppt
</system-out>
    <system-err>Okt 14, 2013 8:05:29 PM org.jboss.shrinkwrap.resolver.impl.maven.LogRepositoryListener metadataInvalid
Warnung: Invalid metadata com.prodyna.conference:conference-core:SNAPSHOT/maven-metadata.xml
Okt 14, 2013 8:05:29 PM org.jboss.shrinkwrap.resolver.impl.maven.LogRepositoryListener metadataInvalid
Warnung: Invalid metadata com.prodyna.conference:conference-core:SNAPSHOT/maven-metadata.xml
Okt 14, 2013 8:05:29 PM org.jboss.shrinkwrap.resolver.impl.maven.LogRepositoryListener metadataInvalid
Warnung: Invalid metadata com.prodyna.conference:conference:SNAPSHOT/maven-metadata.xml
Okt 14, 2013 8:05:29 PM org.jboss.shrinkwrap.resolver.impl.maven.LogRepositoryListener metadataInvalid
Warnung: Invalid metadata com.prodyna.conference:conference-core:SNAPSHOT/maven-metadata.xml
</system-err>
  </testcase>
</testsuite>